{"/Users/praveen/github/@pkspyder007/metacall/deploy/deprecated/githooks/common.js":{"path":"/Users/praveen/github/@pkspyder007/metacall/deploy/deprecated/githooks/common.js","statementMap":{"0":{"start":{"line":1,"column":18},"end":{"line":1,"column":42}},"1":{"start":{"line":3,"column":14},"end":{"line":3,"column":39}},"2":{"start":{"line":4,"column":17},"end":{"line":4,"column":73}},"3":{"start":{"line":4,"column":40},"end":{"line":4,"column":62}},"4":{"start":{"line":6,"column":12},"end":{"line":32,"column":3}},"5":{"start":{"line":7,"column":1},"end":{"line":32,"column":3}},"6":{"start":{"line":8,"column":16},"end":{"line":8,"column":40}},"7":{"start":{"line":10,"column":15},"end":{"line":10,"column":17}},"8":{"start":{"line":11,"column":15},"end":{"line":11,"column":17}},"9":{"start":{"line":13,"column":2},"end":{"line":16,"column":5}},"10":{"start":{"line":14,"column":3},"end":{"line":14,"column":18}},"11":{"start":{"line":15,"column":3},"end":{"line":15,"column":49}},"12":{"start":{"line":17,"column":2},"end":{"line":20,"column":5}},"13":{"start":{"line":18,"column":3},"end":{"line":18,"column":18}},"14":{"start":{"line":19,"column":3},"end":{"line":19,"column":49}},"15":{"start":{"line":21,"column":2},"end":{"line":31,"column":5}},"16":{"start":{"line":22,"column":3},"end":{"line":29,"column":4}},"17":{"start":{"line":23,"column":4},"end":{"line":23,"column":44}},"18":{"start":{"line":24,"column":4},"end":{"line":28,"column":7}},"19":{"start":{"line":30,"column":3},"end":{"line":30,"column":52}},"20":{"start":{"line":34,"column":0},"end":{"line":37,"column":2}}},"fnMap":{"0":{"name":"(anonymous_0)","decl":{"start":{"line":4,"column":25},"end":{"line":4,"column":26}},"loc":{"start":{"line":4,"column":40},"end":{"line":4,"column":62}},"line":4},"1":{"name":"(anonymous_1)","decl":{"start":{"line":4,"column":65},"end":{"line":4,"column":66}},"loc":{"start":{"line":4,"column":71},"end":{"line":4,"column":73}},"line":4},"2":{"name":"(anonymous_2)","decl":{"start":{"line":6,"column":12},"end":{"line":6,"column":13}},"loc":{"start":{"line":7,"column":1},"end":{"line":32,"column":3}},"line":7},"3":{"name":"(anonymous_3)","decl":{"start":{"line":7,"column":13},"end":{"line":7,"column":14}},"loc":{"start":{"line":7,"column":34},"end":{"line":32,"column":2}},"line":7},"4":{"name":"(anonymous_4)","decl":{"start":{"line":13,"column":26},"end":{"line":13,"column":27}},"loc":{"start":{"line":13,"column":34},"end":{"line":16,"column":3}},"line":13},"5":{"name":"(anonymous_5)","decl":{"start":{"line":17,"column":26},"end":{"line":17,"column":27}},"loc":{"start":{"line":17,"column":34},"end":{"line":20,"column":3}},"line":17},"6":{"name":"(anonymous_6)","decl":{"start":{"line":21,"column":20},"end":{"line":21,"column":21}},"loc":{"start":{"line":21,"column":38},"end":{"line":31,"column":3}},"line":21}},"branchMap":{"0":{"loc":{"start":{"line":4,"column":17},"end":{"line":4,"column":73}},"type":"cond-expr","locations":[{"start":{"line":4,"column":25},"end":{"line":4,"column":62}},{"start":{"line":4,"column":65},"end":{"line":4,"column":73}}],"line":4},"1":{"loc":{"start":{"line":6,"column":18},"end":{"line":6,"column":27}},"type":"default-arg","locations":[{"start":{"line":6,"column":25},"end":{"line":6,"column":27}}],"line":6},"2":{"loc":{"start":{"line":6,"column":29},"end":{"line":6,"column":40}},"type":"default-arg","locations":[{"start":{"line":6,"column":38},"end":{"line":6,"column":40}}],"line":6},"3":{"loc":{"start":{"line":22,"column":3},"end":{"line":29,"column":4}},"type":"if","locations":[{"start":{"line":22,"column":3},"end":{"line":29,"column":4}},{"start":{"line":22,"column":3},"end":{"line":29,"column":4}}],"line":22}},"s":{"0":0,"1":0,"2":0,"3":0,"4":0,"5":0,"6":0,"7":0,"8":0,"9":0,"10":0,"11":0,"12":0,"13":0,"14":0,"15":0,"16":0,"17":0,"18":0,"19":0,"20":0},"f":{"0":0,"1":0,"2":0,"3":0,"4":0,"5":0,"6":0},"b":{"0":[0,0],"1":[0],"2":[0],"3":[0,0]},"all":true},"/Users/praveen/github/@pkspyder007/metacall/deploy/deprecated/githooks/configure.js":{"path":"/Users/praveen/github/@pkspyder007/metacall/deploy/deprecated/githooks/configure.js","statementMap":{"0":{"start":{"line":1,"column":16},"end":{"line":1,"column":35}},"1":{"start":{"line":3,"column":0},"end":{"line":12,"column":2}},"2":{"start":{"line":5,"column":2},"end":{"line":10,"column":5}}},"fnMap":{"0":{"name":"(anonymous_0)","decl":{"start":{"line":4,"column":12},"end":{"line":4,"column":13}},"loc":{"start":{"line":4,"column":24},"end":{"line":11,"column":2}},"line":4}},"branchMap":{},"s":{"0":0,"1":0,"2":0},"f":{"0":0},"b":{},"all":true},"/Users/praveen/github/@pkspyder007/metacall/deploy/dist/builders/DeploymentConfigBuilder.js":{"path":"/Users/praveen/github/@pkspyder007/metacall/deploy/dist/builders/DeploymentConfigBuilder.js","statementMap":{"0":{"start":{"line":2,"column":0},"end":{"line":2,"column":62}},"1":{"start":{"line":3,"column":0},"end":{"line":3,"column":41}},"2":{"start":{"line":4,"column":27},"end":{"line":4,"column":65}},"3":{"start":{"line":5,"column":19},"end":{"line":5,"column":48}},"4":{"start":{"line":12,"column":8},"end":{"line":12,"column":25}},"5":{"start":{"line":18,"column":8},"end":{"line":18,"column":35}},"6":{"start":{"line":19,"column":8},"end":{"line":19,"column":20}},"7":{"start":{"line":25,"column":8},"end":{"line":25,"column":31}},"8":{"start":{"line":26,"column":8},"end":{"line":26,"column":20}},"9":{"start":{"line":32,"column":8},"end":{"line":32,"column":32}},"10":{"start":{"line":33,"column":8},"end":{"line":33,"column":20}},"11":{"start":{"line":39,"column":8},"end":{"line":39,"column":32}},"12":{"start":{"line":40,"column":8},"end":{"line":40,"column":20}},"13":{"start":{"line":46,"column":8},"end":{"line":46,"column":30}},"14":{"start":{"line":47,"column":8},"end":{"line":47,"column":20}},"15":{"start":{"line":53,"column":8},"end":{"line":53,"column":34}},"16":{"start":{"line":54,"column":8},"end":{"line":54,"column":20}},"17":{"start":{"line":60,"column":8},"end":{"line":60,"column":30}},"18":{"start":{"line":61,"column":8},"end":{"line":61,"column":20}},"19":{"start":{"line":67,"column":8},"end":{"line":75,"column":9}},"20":{"start":{"line":68,"column":12},"end":{"line":68,"column":80}},"21":{"start":{"line":71,"column":12},"end":{"line":73,"column":13}},"22":{"start":{"line":72,"column":16},"end":{"line":72,"column":114}},"23":{"start":{"line":74,"column":12},"end":{"line":74,"column":24}},"24":{"start":{"line":78,"column":0},"end":{"line":78,"column":58}}},"fnMap":{"0":{"name":"(anonymous_0)","decl":{"start":{"line":11,"column":4},"end":{"line":11,"column":5}},"loc":{"start":{"line":11,"column":18},"end":{"line":13,"column":5}},"line":11},"1":{"name":"(anonymous_1)","decl":{"start":{"line":17,"column":4},"end":{"line":17,"column":5}},"loc":{"start":{"line":17,"column":22},"end":{"line":20,"column":5}},"line":17},"2":{"name":"(anonymous_2)","decl":{"start":{"line":24,"column":4},"end":{"line":24,"column":5}},"loc":{"start":{"line":24,"column":18},"end":{"line":27,"column":5}},"line":24},"3":{"name":"(anonymous_3)","decl":{"start":{"line":31,"column":4},"end":{"line":31,"column":5}},"loc":{"start":{"line":31,"column":19},"end":{"line":34,"column":5}},"line":31},"4":{"name":"(anonymous_4)","decl":{"start":{"line":38,"column":4},"end":{"line":38,"column":5}},"loc":{"start":{"line":38,"column":19},"end":{"line":41,"column":5}},"line":38},"5":{"name":"(anonymous_5)","decl":{"start":{"line":45,"column":4},"end":{"line":45,"column":5}},"loc":{"start":{"line":45,"column":25},"end":{"line":48,"column":5}},"line":45},"6":{"name":"(anonymous_6)","decl":{"start":{"line":52,"column":4},"end":{"line":52,"column":5}},"loc":{"start":{"line":52,"column":21},"end":{"line":55,"column":5}},"line":52},"7":{"name":"(anonymous_7)","decl":{"start":{"line":59,"column":4},"end":{"line":59,"column":5}},"loc":{"start":{"line":59,"column":17},"end":{"line":62,"column":5}},"line":59},"8":{"name":"(anonymous_8)","decl":{"start":{"line":66,"column":4},"end":{"line":66,"column":5}},"loc":{"start":{"line":66,"column":12},"end":{"line":76,"column":5}},"line":66}},"branchMap":{"0":{"loc":{"start":{"line":71,"column":12},"end":{"line":73,"column":13}},"type":"if","locations":[{"start":{"line":71,"column":12},"end":{"line":73,"column":13}},{"start":{"line":71,"column":12},"end":{"line":73,"column":13}}],"line":71}},"s":{"0":0,"1":0,"2":0,"3":0,"4":0,"5":0,"6":0,"7":0,"8":0,"9":0,"10":0,"11":0,"12":0,"13":0,"14":0,"15":0,"16":0,"17":0,"18":0,"19":0,"20":0,"21":0,"22":0,"23":0,"24":0},"f":{"0":0,"1":0,"2":0,"3":0,"4":0,"5":0,"6":0,"7":0,"8":0},"b":{"0":[0,0]},"inputSourceMap":{"version":3,"file":"DeploymentConfigBuilder.js","sourceRoot":"","sources":["../../src/builders/DeploymentConfigBuilder.ts"],"names":[],"mappings":";;;AAAA,kEAGqC;AAErC,iDAAqD;AAErD;;;GAGG;AACH,MAAa,uBAAuB;IAApC;QACS,WAAM,GAA8B,EAAE,CAAC;IA0EhD,CAAC;IAxEA;;OAEG;IACH,WAAW,CAAC,IAAY;QACvB,IAAI,CAAC,MAAM,CAAC,OAAO,GAAG,IAAI,CAAC;QAC3B,OAAO,IAAI,CAAC;IACb,CAAC;IAED;;OAEG;IACH,QAAQ,CAAC,GAAW;QACnB,IAAI,CAAC,MAAM,CAAC,IAAI,GAAG,GAAG,CAAC;QACvB,OAAO,IAAI,CAAC;IACb,CAAC;IAED;;OAEG;IACH,QAAQ,CAAC,IAAY;QACpB,IAAI,CAAC,MAAM,CAAC,IAAI,GAAG,IAAI,CAAC;QACxB,OAAO,IAAI,CAAC;IACb,CAAC;IAED;;OAEG;IACH,QAAQ,CAAC,IAAW;QACnB,IAAI,CAAC,MAAM,CAAC,IAAI,GAAG,IAAI,CAAC;QACxB,OAAO,IAAI,CAAC;IACb,CAAC;IAED;;OAEG;IACH,eAAe,CAAC,GAA2B;QAC1C,IAAI,CAAC,MAAM,CAAC,GAAG,GAAG,GAAG,CAAC;QACtB,OAAO,IAAI,CAAC;IACb,CAAC;IAED;;OAEG;IACH,SAAS,CAAC,KAAc;QACvB,IAAI,CAAC,MAAM,CAAC,KAAK,GAAG,KAAK,CAAC;QAC1B,OAAO,IAAI,CAAC;IACb,CAAC;IAED;;OAEG;IACH,OAAO,CAAC,GAAY;QACnB,IAAI,CAAC,MAAM,CAAC,GAAG,GAAG,GAAG,CAAC;QACtB,OAAO,IAAI,CAAC;IACb,CAAC;IAED;;OAEG;IACH,KAAK;QACJ,IAAI,CAAC;YACJ,OAAO,yCAAsB,CAAC,KAAK,CAAC,IAAI,CAAC,MAAM,CAAC,CAAC;QAClD,CAAC;QAAC,OAAO,KAAK,EAAE,CAAC;YAChB,IAAI,KAAK,YAAY,KAAK,EAAE,CAAC;gBAC5B,MAAM,IAAI,0BAAe,CACxB,qCAAqC,KAAK,CAAC,OAAO,EAAE,EACpD,KAAK,CACL,CAAC;YACH,CAAC;YACD,MAAM,KAAK,CAAC;QACb,CAAC;IACF,CAAC;CACD;AA3ED,0DA2EC"},"all":true},"/Users/praveen/github/@pkspyder007/metacall/deploy/dist/commands/base/BaseCommand.js":{"path":"/Users/praveen/github/@pkspyder007/metacall/deploy/dist/commands/base/BaseCommand.js","statementMap":{"0":{"start":{"line":2,"column":0},"end":{"line":2,"column":62}},"1":{"start":{"line":3,"column":0},"end":{"line":3,"column":29}},"2":{"start":{"line":4,"column":19},"end":{"line":4,"column":51}},"3":{"start":{"line":11,"column":8},"end":{"line":11,"column":31}},"4":{"start":{"line":12,"column":8},"end":{"line":12,"column":42}},"5":{"start":{"line":13,"column":8},"end":{"line":13,"column":42}},"6":{"start":{"line":14,"column":8},"end":{"line":14,"column":52}},"7":{"start":{"line":20,"column":8},"end":{"line":20,"column":31}},"8":{"start":{"line":21,"column":8},"end":{"line":21,"column":32}},"9":{"start":{"line":22,"column":23},"end":{"line":22,"column":55}},"10":{"start":{"line":23,"column":8},"end":{"line":23,"column":39}},"11":{"start":{"line":24,"column":8},"end":{"line":24,"column":22}},"12":{"start":{"line":30,"column":8},"end":{"line":32,"column":9}},"13":{"start":{"line":31,"column":12},"end":{"line":31,"column":78}},"14":{"start":{"line":33,"column":8},"end":{"line":35,"column":9}},"15":{"start":{"line":34,"column":12},"end":{"line":34,"column":71}},"16":{"start":{"line":51,"column":0},"end":{"line":51,"column":34}}},"fnMap":{"0":{"name":"(anonymous_0)","decl":{"start":{"line":10,"column":4},"end":{"line":10,"column":5}},"loc":{"start":{"line":10,"column":25},"end":{"line":15,"column":5}},"line":10},"1":{"name":"(anonymous_1)","decl":{"start":{"line":19,"column":4},"end":{"line":19,"column":5}},"loc":{"start":{"line":19,"column":16},"end":{"line":25,"column":5}},"line":19},"2":{"name":"(anonymous_2)","decl":{"start":{"line":29,"column":4},"end":{"line":29,"column":5}},"loc":{"start":{"line":29,"column":22},"end":{"line":36,"column":5}},"line":29},"3":{"name":"(anonymous_3)","decl":{"start":{"line":40,"column":4},"end":{"line":40,"column":5}},"loc":{"start":{"line":40,"column":23},"end":{"line":42,"column":5}},"line":40},"4":{"name":"(anonymous_4)","decl":{"start":{"line":47,"column":4},"end":{"line":47,"column":5}},"loc":{"start":{"line":47,"column":31},"end":{"line":49,"column":5}},"line":47}},"branchMap":{"0":{"loc":{"start":{"line":30,"column":8},"end":{"line":32,"column":9}},"type":"if","locations":[{"start":{"line":30,"column":8},"end":{"line":32,"column":9}},{"start":{"line":30,"column":8},"end":{"line":32,"column":9}}],"line":30},"1":{"loc":{"start":{"line":33,"column":8},"end":{"line":35,"column":9}},"type":"if","locations":[{"start":{"line":33,"column":8},"end":{"line":35,"column":9}},{"start":{"line":33,"column":8},"end":{"line":35,"column":9}}],"line":33}},"s":{"0":0,"1":0,"2":0,"3":0,"4":0,"5":0,"6":0,"7":0,"8":0,"9":0,"10":0,"11":0,"12":0,"13":0,"14":0,"15":0,"16":0},"f":{"0":0,"1":0,"2":0,"3":0,"4":0},"b":{"0":[0,0],"1":[0,0]},"inputSourceMap":{"version":3,"file":"BaseCommand.js","sourceRoot":"","sources":["../../../src/commands/base/BaseCommand.ts"],"names":[],"mappings":";;;AAGA,oDAAwD;AAExD;;;GAGG;AACH,MAAsB,WAAW;IAKhC,YAA+B,OAAuB;QAAvB,YAAO,GAAP,OAAO,CAAgB;QAJnC,WAAM,GAAG,IAAI,CAAC,OAAO,CAAC,MAAM,CAAC;QAC7B,WAAM,GAAG,IAAI,CAAC,OAAO,CAAC,MAAM,CAAC;QAC7B,gBAAW,GAAG,IAAI,CAAC,OAAO,CAAC,WAAW,CAAC;IAED,CAAC;IAE1D;;OAEG;IACH,KAAK,CAAC,GAAG;QACR,IAAI,CAAC,eAAe,EAAE,CAAC;QACvB,MAAM,IAAI,CAAC,UAAU,EAAE,CAAC;QACxB,MAAM,MAAM,GAAG,MAAM,IAAI,CAAC,OAAO,CAAC,IAAI,CAAC,OAAO,CAAC,CAAC;QAChD,MAAM,IAAI,CAAC,WAAW,CAAC,MAAM,CAAC,CAAC;QAC/B,OAAO,MAAM,CAAC;IACf,CAAC;IAOD;;OAEG;IACO,eAAe;QACxB,IAAI,CAAC,IAAI,CAAC,MAAM,EAAE,CAAC;YAClB,MAAM,IAAI,0BAAe,CAAC,2BAA2B,CAAC,CAAC;QACxD,CAAC;QACD,IAAI,CAAC,IAAI,CAAC,MAAM,EAAE,CAAC;YAClB,MAAM,IAAI,0BAAe,CAAC,oBAAoB,CAAC,CAAC;QACjD,CAAC;IACF,CAAC;IAED;;OAEG;IACO,KAAK,CAAC,UAAU;QACzB,iBAAiB;IAClB,CAAC;IAED;;OAEG;IACH,6DAA6D;IACnD,KAAK,CAAC,WAAW,CAAC,OAAsB;QACjD,iBAAiB;IAClB,CAAC;CACD;AAjDD,kCAiDC"},"all":true},"/Users/praveen/github/@pkspyder007/metacall/deploy/dist/commands/clipanion/BaseClipanionCommand.js":{"path":"/Users/praveen/github/@pkspyder007/metacall/deploy/dist/commands/clipanion/BaseClipanionCommand.js","statementMap":{"0":{"start":{"line":2,"column":0},"end":{"line":2,"column":62}},"1":{"start":{"line":3,"column":0},"end":{"line":3,"column":38}},"2":{"start":{"line":4,"column":20},"end":{"line":4,"column":40}},"3":{"start":{"line":5,"column":24},"end":{"line":5,"column":61}},"4":{"start":{"line":6,"column":23},"end":{"line":6,"column":60}},"5":{"start":{"line":7,"column":17},"end":{"line":7,"column":46}},"6":{"start":{"line":14,"column":8},"end":{"line":14,"column":28}},"7":{"start":{"line":15,"column":8},"end":{"line":17,"column":11}},"8":{"start":{"line":18,"column":8},"end":{"line":20,"column":11}},"9":{"start":{"line":21,"column":8},"end":{"line":23,"column":11}},"10":{"start":{"line":29,"column":30},"end":{"line":29,"column":65}},"11":{"start":{"line":30,"column":27},"end":{"line":30,"column":66}},"12":{"start":{"line":31,"column":23},"end":{"line":33,"column":54}},"13":{"start":{"line":33,"column":25},"end":{"line":33,"column":53}},"14":{"start":{"line":35,"column":8},"end":{"line":37,"column":9}},"15":{"start":{"line":36,"column":12},"end":{"line":36,"column":44}},"16":{"start":{"line":38,"column":8},"end":{"line":42,"column":10}},"17":{"start":{"line":48,"column":8},"end":{"line":48,"column":55}},"18":{"start":{"line":54,"column":8},"end":{"line":59,"column":11}},"19":{"start":{"line":62,"column":0},"end":{"line":62,"column":52}}},"fnMap":{"0":{"name":"(anonymous_0)","decl":{"start":{"line":13,"column":4},"end":{"line":13,"column":5}},"loc":{"start":{"line":13,"column":18},"end":{"line":24,"column":5}},"line":13},"1":{"name":"(anonymous_1)","decl":{"start":{"line":28,"column":4},"end":{"line":28,"column":5}},"loc":{"start":{"line":28,"column":25},"end":{"line":43,"column":5}},"line":28},"2":{"name":"(anonymous_2)","decl":{"start":{"line":33,"column":19},"end":{"line":33,"column":20}},"loc":{"start":{"line":33,"column":25},"end":{"line":33,"column":53}},"line":33},"3":{"name":"(anonymous_3)","decl":{"start":{"line":47,"column":4},"end":{"line":47,"column":5}},"loc":{"start":{"line":47,"column":20},"end":{"line":49,"column":5}},"line":47},"4":{"name":"(anonymous_4)","decl":{"start":{"line":53,"column":4},"end":{"line":53,"column":5}},"loc":{"start":{"line":53,"column":16},"end":{"line":60,"column":5}},"line":53}},"branchMap":{"0":{"loc":{"start":{"line":30,"column":27},"end":{"line":30,"column":66}},"type":"cond-expr","locations":[{"start":{"line":30,"column":42},"end":{"line":30,"column":54}},{"start":{"line":30,"column":57},"end":{"line":30,"column":66}}],"line":30},"1":{"loc":{"start":{"line":35,"column":8},"end":{"line":37,"column":9}},"type":"if","locations":[{"start":{"line":35,"column":8},"end":{"line":37,"column":9}},{"start":{"line":35,"column":8},"end":{"line":37,"column":9}}],"line":35},"2":{"loc":{"start":{"line":48,"column":15},"end":{"line":48,"column":54}},"type":"binary-expr","locations":[{"start":{"line":48,"column":15},"end":{"line":48,"column":35}},{"start":{"line":48,"column":39},"end":{"line":48,"column":54}}],"line":48},"3":{"loc":{"start":{"line":55,"column":19},"end":{"line":57,"column":40}},"type":"cond-expr","locations":[{"start":{"line":56,"column":18},"end":{"line":56,"column":41}},{"start":{"line":57,"column":18},"end":{"line":57,"column":40}}],"line":55},"4":{"loc":{"start":{"line":55,"column":19},"end":{"line":55,"column":52}},"type":"binary-expr","locations":[{"start":{"line":55,"column":19},"end":{"line":55,"column":31}},{"start":{"line":55,"column":35},"end":{"line":55,"column":52}}],"line":55}},"s":{"0":0,"1":0,"2":0,"3":0,"4":0,"5":0,"6":0,"7":0,"8":0,"9":0,"10":0,"11":0,"12":0,"13":0,"14":0,"15":0,"16":0,"17":0,"18":0,"19":0},"f":{"0":0,"1":0,"2":0,"3":0,"4":0},"b":{"0":[0,0],"1":[0,0],"2":[0,0],"3":[0,0],"4":[0,0]},"inputSourceMap":{"version":3,"file":"BaseClipanionCommand.js","sourceRoot":"","sources":["../../../src/commands/clipanion/BaseClipanionCommand.ts"],"names":[],"mappings":";;;AAAA,yCAA4C;AAE5C,8DAA2D;AAC3D,6DAA2D;AAE3D,+CAAqE;AAErE;;;GAGG;AACH,MAAsB,oBAAqB,SAAQ,mBAAO;IAA1D;;QACC,YAAO,GAAG,kBAAM,CAAC,MAAM,CAAC,WAAW,EAAE;YACpC,WAAW,EAAE,gCAAgC;SAC7C,CAAC,CAAC;QAEH,cAAS,GAAG,kBAAM,CAAC,MAAM,CAAC,aAAa,EAAE;YACxC,WAAW,EAAE,mBAAmB;SAChC,CAAC,CAAC;QAEH,YAAO,GAAG,kBAAM,CAAC,OAAO,CAAC,WAAW,EAAE,KAAK,EAAE;YAC5C,WAAW,EAAE,wBAAwB;SACrC,CAAC,CAAC;IA2CJ,CAAC;IAzCA;;OAEG;IACO,KAAK,CAAC,YAAY;QAC3B,MAAM,aAAa,GAAG,IAAI,6BAAa,EAAE,CAAC;QAC1C,MAAM,UAAU,GAAG,IAAI,CAAC,OAAO,CAAC,CAAC,CAAC,IAAI,CAAC,OAAO,CAAC,CAAC,CAAC,SAAS,CAAC;QAC3D,MAAM,MAAM,GAAG,MAAM,aAAa;aAChC,IAAI,CAAC,UAAU,CAAC;aAChB,KAAK,CAAC,GAAG,EAAE,CAAC,4BAAa,CAAC,CAAC;QAE7B,kCAAkC;QAClC,IAAI,IAAI,CAAC,SAAS,EAAE,CAAC;YACpB,MAAM,CAAC,OAAO,GAAG,IAAI,CAAC,SAAS,CAAC;QACjC,CAAC;QAED,OAAO;YACN,MAAM;YACN,MAAM,EAAE,IAAI,CAAC,SAAS,EAAE;YACxB,WAAW,EAAE,IAAI,CAAC,aAAa,EAAE;SACjC,CAAC;IACH,CAAC;IAED;;OAEG;IACO,aAAa;QACtB,OAAO,OAAO,CAAC,MAAM,CAAC,KAAK,IAAI,CAAC,OAAO,CAAC,GAAG,CAAC,EAAE,CAAC;IAChD,CAAC;IAED;;OAEG;IACO,SAAS;QAClB,OAAO,IAAA,8BAAqB,EAAC;YAC5B,KAAK,EACJ,IAAI,CAAC,OAAO,IAAI,OAAO,CAAC,GAAG,CAAC,KAAK;gBAChC,CAAC,CAAC,iBAAQ,CAAC,KAAK;gBAChB,CAAC,CAAC,iBAAQ,CAAC,IAAI;YACjB,KAAK,EAAE,IAAI,CAAC,aAAa,EAAE;SAC3B,CAAC,CAAC;IACJ,CAAC;CACD;AAtDD,oDAsDC"},"all":true},"/Users/praveen/github/@pkspyder007/metacall/deploy/dist/commands/clipanion/DeleteCommand.js":{"path":"/Users/praveen/github/@pkspyder007/metacall/deploy/dist/commands/clipanion/DeleteCommand.js","statementMap":{"0":{"start":{"line":2,"column":0},"end":{"line":2,"column":62}},"1":{"start":{"line":3,"column":0},"end":{"line":3,"column":31}},"2":{"start":{"line":4,"column":20},"end":{"line":4,"column":40}},"3":{"start":{"line":5,"column":31},"end":{"line":5,"column":64}},"4":{"start":{"line":6,"column":25},"end":{"line":6,"column":74}},"5":{"start":{"line":7,"column":22},"end":{"line":7,"column":59}},"6":{"start":{"line":8,"column":18},"end":{"line":8,"column":45}},"7":{"start":{"line":9,"column":19},"end":{"line":9,"column":50}},"8":{"start":{"line":15,"column":8},"end":{"line":15,"column":28}},"9":{"start":{"line":16,"column":8},"end":{"line":18,"column":11}},"10":{"start":{"line":21,"column":24},"end":{"line":21,"column":49}},"11":{"start":{"line":22,"column":8},"end":{"line":74,"column":9}},"12":{"start":{"line":23,"column":27},"end":{"line":23,"column":147}},"13":{"start":{"line":27,"column":12},"end":{"line":61,"column":13}},"14":{"start":{"line":29,"column":36},"end":{"line":29,"column":58}},"15":{"start":{"line":30,"column":35},"end":{"line":30,"column":78}},"16":{"start":{"line":30,"column":57},"end":{"line":30,"column":77}},"17":{"start":{"line":31,"column":16},"end":{"line":34,"column":17}},"18":{"start":{"line":32,"column":20},"end":{"line":32,"column":78}},"19":{"start":{"line":33,"column":20},"end":{"line":33,"column":29}},"20":{"start":{"line":35,"column":16},"end":{"line":35,"column":43}},"21":{"start":{"line":36,"column":16},"end":{"line":36,"column":43}},"22":{"start":{"line":37,"column":16},"end":{"line":37,"column":53}},"23":{"start":{"line":41,"column":16},"end":{"line":44,"column":17}},"24":{"start":{"line":42,"column":20},"end":{"line":42,"column":96}},"25":{"start":{"line":43,"column":20},"end":{"line":43,"column":29}},"26":{"start":{"line":45,"column":36},"end":{"line":45,"column":58}},"27":{"start":{"line":46,"column":41},"end":{"line":52,"column":19}},"28":{"start":{"line":47,"column":37},"end":{"line":47,"column":59}},"29":{"start":{"line":48,"column":35},"end":{"line":52,"column":17}},"30":{"start":{"line":53,"column":16},"end":{"line":56,"column":17}},"31":{"start":{"line":54,"column":20},"end":{"line":54,"column":73}},"32":{"start":{"line":55,"column":20},"end":{"line":55,"column":29}},"33":{"start":{"line":57,"column":33},"end":{"line":57,"column":124}},"34":{"start":{"line":58,"column":16},"end":{"line":58,"column":41}},"35":{"start":{"line":59,"column":16},"end":{"line":59,"column":41}},"36":{"start":{"line":60,"column":16},"end":{"line":60,"column":43}},"37":{"start":{"line":62,"column":27},"end":{"line":62,"column":77}},"38":{"start":{"line":63,"column":12},"end":{"line":63,"column":89}},"39":{"start":{"line":64,"column":12},"end":{"line":64,"column":21}},"40":{"start":{"line":67,"column":12},"end":{"line":72,"column":13}},"41":{"start":{"line":68,"column":16},"end":{"line":68,"column":88}},"42":{"start":{"line":71,"column":16},"end":{"line":71,"column":70}},"43":{"start":{"line":73,"column":12},"end":{"line":73,"column":21}},"44":{"start":{"line":77,"column":0},"end":{"line":77,"column":38}},"45":{"start":{"line":78,"column":0},"end":{"line":78,"column":35}}},"fnMap":{"0":{"name":"(anonymous_0)","decl":{"start":{"line":14,"column":4},"end":{"line":14,"column":5}},"loc":{"start":{"line":14,"column":18},"end":{"line":19,"column":5}},"line":14},"1":{"name":"(anonymous_1)","decl":{"start":{"line":20,"column":4},"end":{"line":20,"column":5}},"loc":{"start":{"line":20,"column":20},"end":{"line":75,"column":5}},"line":20},"2":{"name":"(anonymous_2)","decl":{"start":{"line":30,"column":52},"end":{"line":30,"column":53}},"loc":{"start":{"line":30,"column":57},"end":{"line":30,"column":77}},"line":30},"3":{"name":"(anonymous_3)","decl":{"start":{"line":47,"column":28},"end":{"line":47,"column":29}},"loc":{"start":{"line":47,"column":37},"end":{"line":47,"column":59}},"line":47},"4":{"name":"(anonymous_4)","decl":{"start":{"line":48,"column":25},"end":{"line":48,"column":26}},"loc":{"start":{"line":48,"column":35},"end":{"line":52,"column":17}},"line":48}},"branchMap":{"0":{"loc":{"start":{"line":23,"column":63},"end":{"line":23,"column":89}},"type":"binary-expr","locations":[{"start":{"line":23,"column":63},"end":{"line":23,"column":83}},{"start":{"line":23,"column":87},"end":{"line":23,"column":89}}],"line":23},"1":{"loc":{"start":{"line":27,"column":12},"end":{"line":61,"column":13}},"type":"if","locations":[{"start":{"line":27,"column":12},"end":{"line":61,"column":13}},{"start":{"line":27,"column":12},"end":{"line":61,"column":13}}],"line":27},"2":{"loc":{"start":{"line":31,"column":16},"end":{"line":34,"column":17}},"type":"if","locations":[{"start":{"line":31,"column":16},"end":{"line":34,"column":17}},{"start":{"line":31,"column":16},"end":{"line":34,"column":17}}],"line":31},"3":{"loc":{"start":{"line":37,"column":26},"end":{"line":37,"column":52}},"type":"binary-expr","locations":[{"start":{"line":37,"column":26},"end":{"line":37,"column":44}},{"start":{"line":37,"column":48},"end":{"line":37,"column":52}}],"line":37},"4":{"loc":{"start":{"line":41,"column":16},"end":{"line":44,"column":17}},"type":"if","locations":[{"start":{"line":41,"column":16},"end":{"line":44,"column":17}},{"start":{"line":41,"column":16},"end":{"line":44,"column":17}}],"line":41},"5":{"loc":{"start":{"line":50,"column":29},"end":{"line":50,"column":48}},"type":"binary-expr","locations":[{"start":{"line":50,"column":29},"end":{"line":50,"column":40}},{"start":{"line":50,"column":44},"end":{"line":50,"column":48}}],"line":50},"6":{"loc":{"start":{"line":53,"column":16},"end":{"line":56,"column":17}},"type":"if","locations":[{"start":{"line":53,"column":16},"end":{"line":56,"column":17}},{"start":{"line":53,"column":16},"end":{"line":56,"column":17}}],"line":53},"7":{"loc":{"start":{"line":63,"column":34},"end":{"line":63,"column":87}},"type":"binary-expr","locations":[{"start":{"line":63,"column":34},"end":{"line":63,"column":40}},{"start":{"line":63,"column":44},"end":{"line":63,"column":87}}],"line":63},"8":{"loc":{"start":{"line":67,"column":12},"end":{"line":72,"column":13}},"type":"if","locations":[{"start":{"line":67,"column":12},"end":{"line":72,"column":13}},{"start":{"line":67,"column":12},"end":{"line":72,"column":13}}],"line":67}},"s":{"0":0,"1":0,"2":0,"3":0,"4":0,"5":0,"6":0,"7":0,"8":0,"9":0,"10":0,"11":0,"12":0,"13":0,"14":0,"15":0,"16":0,"17":0,"18":0,"19":0,"20":0,"21":0,"22":0,"23":0,"24":0,"25":0,"26":0,"27":0,"28":0,"29":0,"30":0,"31":0,"32":0,"33":0,"34":0,"35":0,"36":0,"37":0,"38":0,"39":0,"40":0,"41":0,"42":0,"43":0,"44":0,"45":0},"f":{"0":0,"1":0,"2":0,"3":0,"4":0},"b":{"0":[0,0],"1":[0,0],"2":[0,0],"3":[0,0],"4":[0,0],"5":[0,0],"6":[0,0],"7":[0,0],"8":[0,0]},"inputSourceMap":{"version":3,"file":"DeleteCommand.js","sourceRoot":"","sources":["../../../src/commands/clipanion/DeleteCommand.ts"],"names":[],"mappings":";;;AAAA,yCAAmC;AACnC,iEAA8D;AAC9D,2EAAwE;AACxE,4DAAyD;AACzD,8CAAoD;AACpD,mDAAqD;AAGrD;;GAEG;AACH,MAAa,aAAc,SAAQ,2CAAoB;IAAvD;;QAGC,OAAE,GAAG,kBAAM,CAAC,MAAM,CAAC,MAAM,EAAE;YAC1B,WAAW,EAAE,yBAAyB;SACtC,CAAC,CAAC;IA8EJ,CAAC;IA5EA,KAAK,CAAC,OAAO;QACZ,MAAM,OAAO,GAAG,MAAM,IAAI,CAAC,YAAY,EAAE,CAAC;QAE1C,IAAI,CAAC;YACJ,MAAM,MAAM,GAAG,IAAI,+BAAc,CAChC,OAAO,CAAC,MAAM,CAAC,KAAK,IAAI,EAAE,EAC1B,OAAO,CAAC,MAAM,CAAC,OAAO,EACtB,IAAI,yBAAW,EAAE,CACjB,CAAC;YAEF,IAAI,MAAc,CAAC;YACnB,IAAI,MAAc,CAAC;YACnB,IAAI,OAAe,CAAC;YAEpB,IAAI,IAAI,CAAC,EAAE,EAAE,CAAC;gBACb,+CAA+C;gBAC/C,MAAM,WAAW,GAAG,MAAM,MAAM,CAAC,OAAO,EAAE,CAAC;gBAC3C,MAAM,UAAU,GAAI,WAA4B,CAAC,IAAI,CACpD,CAAC,CAAC,EAAE,CAAC,CAAC,CAAC,MAAM,KAAK,IAAI,CAAC,EAAE,CACzB,CAAC;gBACF,IAAI,CAAC,UAAU,EAAE,CAAC;oBACjB,IAAI,CAAC,SAAS,EAAE,CAAC,KAAK,CAAC,cAAc,IAAI,CAAC,EAAE,YAAY,CAAC,CAAC;oBAC1D,OAAO,CAAC,CAAC;gBACV,CAAC;gBACD,MAAM,GAAG,UAAU,CAAC,MAAM,CAAC;gBAC3B,MAAM,GAAG,UAAU,CAAC,MAAM,CAAC;gBAC3B,OAAO,GAAG,UAAU,CAAC,OAAO,IAAI,IAAI,CAAC;YACtC,CAAC;iBAAM,CAAC;gBACP,wBAAwB;gBACxB,IAAI,CAAC,IAAA,wBAAa,GAAE,EAAE,CAAC;oBACtB,IAAI,CAAC,SAAS,EAAE,CAAC,KAAK,CACrB,mDAAmD,CACnD,CAAC;oBACF,OAAO,CAAC,CAAC;gBACV,CAAC;gBAED,MAAM,WAAW,GAAG,MAAM,MAAM,CAAC,OAAO,EAAE,CAAC;gBAC3C,MAAM,gBAAgB,GAAI,WAA4B;qBACpD,MAAM,CAAC,CAAC,GAAe,EAAE,EAAE,CAAC,GAAG,CAAC,MAAM,KAAK,OAAO,CAAC;qBACnD,GAAG,CAAC,CAAC,GAAe,EAAE,EAAE,CAAC,CAAC;oBAC1B,MAAM,EAAE,GAAG,CAAC,MAAM;oBAClB,OAAO,EAAE,GAAG,CAAC,OAAO,IAAI,IAAI;oBAC5B,MAAM,EAAE,GAAG,CAAC,MAAM;iBAClB,CAAC,CAAC,CAAC;gBAEL,IAAI,gBAAgB,CAAC,MAAM,KAAK,CAAC,EAAE,CAAC;oBACnC,IAAI,CAAC,SAAS,EAAE,CAAC,KAAK,CAAC,4BAA4B,CAAC,CAAC;oBACrD,OAAO,CAAC,CAAC;gBACV,CAAC;gBAED,MAAM,QAAQ,GAAG,MAAM,IAAA,0BAAgB,EACtC,gBAAgB,EAChB,kCAAkC,CAClC,CAAC;gBACF,MAAM,GAAG,QAAQ,CAAC,MAAM,CAAC;gBACzB,MAAM,GAAG,QAAQ,CAAC,MAAM,CAAC;gBACzB,OAAO,GAAG,QAAQ,CAAC,OAAO,CAAC;YAC5B,CAAC;YAED,MAAM,MAAM,GAAG,MAAM,MAAM,CAAC,YAAY,CAAC,MAAM,EAAE,MAAM,EAAE,OAAO,CAAC,CAAC;YAClE,IAAI,CAAC,SAAS,EAAE,CAAC,IAAI,CACpB,MAAM,IAAI,cAAc,MAAM,uBAAuB,CACrD,CAAC;YAEF,OAAO,CAAC,CAAC;QACV,CAAC;QAAC,OAAO,KAAK,EAAE,CAAC;YAChB,IAAI,KAAK,YAAY,KAAK,EAAE,CAAC;gBAC5B,IAAI,CAAC,SAAS,EAAE,CAAC,KAAK,CACrB,gCAAgC,KAAK,CAAC,OAAO,EAAE,CAC/C,CAAC;YACH,CAAC;iBAAM,CAAC;gBACP,IAAI,CAAC,SAAS,EAAE,CAAC,KAAK,CAAC,6BAA6B,CAAC,CAAC;YACvD,CAAC;YACD,OAAO,CAAC,CAAC;QACV,CAAC;IACF,CAAC;;AAlFF,sCAmFC;AAlFO,mBAAK,GAAG,CAAC,CAAC,QAAQ,CAAC,CAAC,AAAf,CAAgB"},"all":true},"/Users/praveen/github/@pkspyder007/metacall/deploy/dist/commands/clipanion/DeployCommand.js":{"path":"/Users/praveen/github/@pkspyder007/metacall/deploy/dist/commands/clipanion/DeployCommand.js","statementMap":{"0":{"start":{"line":2,"column":22},"end":{"line":12,"column":3}},"1":{"start":{"line":3,"column":4},"end":{"line":3,"column":33}},"2":{"start":{"line":3,"column":26},"end":{"line":3,"column":33}},"3":{"start":{"line":4,"column":15},"end":{"line":4,"column":52}},"4":{"start":{"line":5,"column":4},"end":{"line":7,"column":5}},"5":{"start":{"line":6,"column":6},"end":{"line":6,"column":68}},"6":{"start":{"line":6,"column":51},"end":{"line":6,"column":63}},"7":{"start":{"line":8,"column":4},"end":{"line":8,"column":39}},"8":{"start":{"line":10,"column":4},"end":{"line":10,"column":33}},"9":{"start":{"line":10,"column":26},"end":{"line":10,"column":33}},"10":{"start":{"line":11,"column":4},"end":{"line":11,"column":17}},"11":{"start":{"line":13,"column":25},"end":{"line":17,"column":2}},"12":{"start":{"line":14,"column":4},"end":{"line":14,"column":72}},"13":{"start":{"line":16,"column":4},"end":{"line":16,"column":21}},"14":{"start":{"line":18,"column":19},"end":{"line":34,"column":4}},"15":{"start":{"line":19,"column":18},"end":{"line":26,"column":5}},"16":{"start":{"line":20,"column":8},"end":{"line":24,"column":10}},"17":{"start":{"line":21,"column":21},"end":{"line":21,"column":23}},"18":{"start":{"line":22,"column":12},"end":{"line":22,"column":95}},"19":{"start":{"line":22,"column":29},"end":{"line":22,"column":95}},"20":{"start":{"line":22,"column":77},"end":{"line":22,"column":95}},"21":{"start":{"line":23,"column":12},"end":{"line":23,"column":22}},"22":{"start":{"line":25,"column":8},"end":{"line":25,"column":26}},"23":{"start":{"line":27,"column":4},"end":{"line":33,"column":6}},"24":{"start":{"line":28,"column":8},"end":{"line":28,"column":46}},"25":{"start":{"line":28,"column":35},"end":{"line":28,"column":46}},"26":{"start":{"line":29,"column":21},"end":{"line":29,"column":23}},"27":{"start":{"line":30,"column":8},"end":{"line":30,"column":137}},"28":{"start":{"line":30,"column":25},"end":{"line":30,"column":137}},"29":{"start":{"line":30,"column":38},"end":{"line":30,"column":50}},"30":{"start":{"line":30,"column":56},"end":{"line":30,"column":57}},"31":{"start":{"line":30,"column":78},"end":{"line":30,"column":137}},"32":{"start":{"line":30,"column":102},"end":{"line":30,"column":137}},"33":{"start":{"line":31,"column":8},"end":{"line":31,"column":40}},"34":{"start":{"line":32,"column":8},"end":{"line":32,"column":22}},"35":{"start":{"line":35,"column":0},"end":{"line":35,"column":62}},"36":{"start":{"line":36,"column":0},"end":{"line":36,"column":31}},"37":{"start":{"line":37,"column":21},"end":{"line":37,"column":61}},"38":{"start":{"line":38,"column":20},"end":{"line":38,"column":40}},"39":{"start":{"line":39,"column":17},"end":{"line":39,"column":34}},"40":{"start":{"line":40,"column":34},"end":{"line":40,"column":83}},"41":{"start":{"line":41,"column":33},"end":{"line":41,"column":92}},"42":{"start":{"line":42,"column":22},"end":{"line":42,"column":64}},"43":{"start":{"line":43,"column":25},"end":{"line":43,"column":74}},"44":{"start":{"line":44,"column":22},"end":{"line":44,"column":59}},"45":{"start":{"line":45,"column":28},"end":{"line":45,"column":73}},"46":{"start":{"line":46,"column":36},"end":{"line":46,"column":89}},"47":{"start":{"line":47,"column":39},"end":{"line":47,"column":95}},"48":{"start":{"line":48,"column":18},"end":{"line":48,"column":45}},"49":{"start":{"line":49,"column":20},"end":{"line":49,"column":52}},"50":{"start":{"line":50,"column":24},"end":{"line":50,"column":60}},"51":{"start":{"line":51,"column":19},"end":{"line":51,"column":50}},"52":{"start":{"line":52,"column":31},"end":{"line":52,"column":64}},"53":{"start":{"line":58,"column":8},"end":{"line":58,"column":28}},"54":{"start":{"line":59,"column":8},"end":{"line":61,"column":11}},"55":{"start":{"line":62,"column":8},"end":{"line":64,"column":11}},"56":{"start":{"line":65,"column":8},"end":{"line":67,"column":11}},"57":{"start":{"line":68,"column":8},"end":{"line":70,"column":11}},"58":{"start":{"line":71,"column":8},"end":{"line":73,"column":11}},"59":{"start":{"line":74,"column":8},"end":{"line":76,"column":11}},"60":{"start":{"line":80,"column":24},"end":{"line":80,"column":49}},"61":{"start":{"line":82,"column":8},"end":{"line":85,"column":9}},"62":{"start":{"line":83,"column":12},"end":{"line":83,"column":99}},"63":{"start":{"line":84,"column":12},"end":{"line":84,"column":21}},"64":{"start":{"line":86,"column":22},"end":{"line":86,"column":80}},"65":{"start":{"line":87,"column":8},"end":{"line":204,"column":9}},"66":{"start":{"line":88,"column":35},"end":{"line":88,"column":169}},"67":{"start":{"line":90,"column":28},"end":{"line":90,"column":80}},"68":{"start":{"line":91,"column":32},"end":{"line":91,"column":92}},"69":{"start":{"line":93,"column":31},"end":{"line":93,"column":40}},"70":{"start":{"line":94,"column":12},"end":{"line":105,"column":13}},"71":{"start":{"line":95,"column":37},"end":{"line":95,"column":104}},"72":{"start":{"line":96,"column":31},"end":{"line":99,"column":47}},"73":{"start":{"line":100,"column":37},"end":{"line":100,"column":75}},"74":{"start":{"line":101,"column":16},"end":{"line":104,"column":17}},"75":{"start":{"line":102,"column":20},"end":{"line":102,"column":48}},"76":{"start":{"line":103,"column":20},"end":{"line":103,"column":111}},"77":{"start":{"line":107,"column":12},"end":{"line":115,"column":13}},"78":{"start":{"line":108,"column":36},"end":{"line":108,"column":81}},"79":{"start":{"line":109,"column":37},"end":{"line":109,"column":78}},"80":{"start":{"line":110,"column":16},"end":{"line":113,"column":17}},"81":{"start":{"line":111,"column":20},"end":{"line":111,"column":89}},"82":{"start":{"line":112,"column":20},"end":{"line":112,"column":29}},"83":{"start":{"line":114,"column":16},"end":{"line":114,"column":71}},"84":{"start":{"line":117,"column":28},"end":{"line":120,"column":39}},"85":{"start":{"line":121,"column":12},"end":{"line":123,"column":13}},"86":{"start":{"line":122,"column":16},"end":{"line":122,"column":45}},"87":{"start":{"line":124,"column":12},"end":{"line":126,"column":13}},"88":{"start":{"line":125,"column":16},"end":{"line":125,"column":44}},"89":{"start":{"line":127,"column":12},"end":{"line":127,"column":42}},"90":{"start":{"line":128,"column":27},"end":{"line":128,"column":42}},"91":{"start":{"line":130,"column":29},"end":{"line":132,"column":77}},"92":{"start":{"line":134,"column":38},"end":{"line":134,"column":113}},"93":{"start":{"line":136,"column":26},"end":{"line":167,"column":14}},"94":{"start":{"line":141,"column":43},"end":{"line":141,"column":85}},"95":{"start":{"line":142,"column":24},"end":{"line":146,"column":25}},"96":{"start":{"line":143,"column":49},"end":{"line":144,"column":58}},"97":{"start":{"line":145,"column":28},"end":{"line":145,"column":82}},"98":{"start":{"line":152,"column":24},"end":{"line":152,"column":66}},"99":{"start":{"line":158,"column":39},"end":{"line":158,"column":71}},"100":{"start":{"line":159,"column":24},"end":{"line":159,"column":54}},"101":{"start":{"line":160,"column":24},"end":{"line":160,"column":48}},"102":{"start":{"line":169,"column":24},"end":{"line":169,"column":26}},"103":{"start":{"line":170,"column":12},"end":{"line":170,"column":33}},"104":{"start":{"line":171,"column":27},"end":{"line":171,"column":47}},"105":{"start":{"line":172,"column":12},"end":{"line":174,"column":13}},"106":{"start":{"line":173,"column":16},"end":{"line":173,"column":73}},"107":{"start":{"line":175,"column":12},"end":{"line":175,"column":92}},"108":{"start":{"line":177,"column":12},"end":{"line":192,"column":13}},"109":{"start":{"line":178,"column":43},"end":{"line":178,"column":67}},"110":{"start":{"line":180,"column":16},"end":{"line":188,"column":17}},"111":{"start":{"line":181,"column":20},"end":{"line":181,"column":90}},"112":{"start":{"line":183,"column":21},"end":{"line":188,"column":17}},"113":{"start":{"line":184,"column":20},"end":{"line":184,"column":62}},"114":{"start":{"line":187,"column":20},"end":{"line":187,"column":33}},"115":{"start":{"line":189,"column":16},"end":{"line":191,"column":17}},"116":{"start":{"line":190,"column":20},"end":{"line":190,"column":111}},"117":{"start":{"line":193,"column":12},"end":{"line":193,"column":105}},"118":{"start":{"line":194,"column":12},"end":{"line":194,"column":21}},"119":{"start":{"line":197,"column":12},"end":{"line":202,"column":13}},"120":{"start":{"line":198,"column":16},"end":{"line":198,"column":78}},"121":{"start":{"line":201,"column":16},"end":{"line":201,"column":60}},"122":{"start":{"line":203,"column":12},"end":{"line":203,"column":21}},"123":{"start":{"line":210,"column":8},"end":{"line":217,"column":9}},"124":{"start":{"line":211,"column":40},"end":{"line":211,"column":127}},"125":{"start":{"line":211,"column":75},"end":{"line":211,"column":126}},"126":{"start":{"line":212,"column":31},"end":{"line":212,"column":61}},"127":{"start":{"line":213,"column":12},"end":{"line":213,"column":44}},"128":{"start":{"line":216,"column":12},"end":{"line":216,"column":22}},"129":{"start":{"line":225,"column":8},"end":{"line":256,"column":9}},"130":{"start":{"line":227,"column":32},"end":{"line":227,"column":54}},"131":{"start":{"line":228,"column":31},"end":{"line":228,"column":79}},"132":{"start":{"line":228,"column":53},"end":{"line":228,"column":78}},"133":{"start":{"line":229,"column":12},"end":{"line":231,"column":13}},"134":{"start":{"line":230,"column":16},"end":{"line":230,"column":23}},"135":{"start":{"line":232,"column":27},"end":{"line":232,"column":44}},"136":{"start":{"line":233,"column":27},"end":{"line":233,"column":44}},"137":{"start":{"line":234,"column":28},"end":{"line":234,"column":54}},"138":{"start":{"line":236,"column":37},"end":{"line":245,"column":13}},"139":{"start":{"line":237,"column":42},"end":{"line":240,"column":17}},"140":{"start":{"line":247,"column":30},"end":{"line":247,"column":118}},"141":{"start":{"line":249,"column":28},"end":{"line":249,"column":107}},"142":{"start":{"line":251,"column":12},"end":{"line":251,"column":85}},"143":{"start":{"line":255,"column":12},"end":{"line":255,"column":117}},"144":{"start":{"line":262,"column":8},"end":{"line":262,"column":71}},"145":{"start":{"line":263,"column":23},"end":{"line":263,"column":27}},"146":{"start":{"line":264,"column":21},"end":{"line":264,"column":29}},"147":{"start":{"line":265,"column":8},"end":{"line":292,"column":9}},"148":{"start":{"line":267,"column":32},"end":{"line":267,"column":54}},"149":{"start":{"line":268,"column":31},"end":{"line":268,"column":73}},"150":{"start":{"line":268,"column":53},"end":{"line":268,"column":72}},"151":{"start":{"line":269,"column":12},"end":{"line":271,"column":13}},"152":{"start":{"line":270,"column":16},"end":{"line":270,"column":66}},"153":{"start":{"line":272,"column":12},"end":{"line":272,"column":39}},"154":{"start":{"line":274,"column":12},"end":{"line":287,"column":13}},"155":{"start":{"line":275,"column":32},"end":{"line":275,"column":91}},"156":{"start":{"line":276,"column":31},"end":{"line":276,"column":47}},"157":{"start":{"line":277,"column":16},"end":{"line":281,"column":19}},"158":{"start":{"line":278,"column":20},"end":{"line":280,"column":21}},"159":{"start":{"line":279,"column":24},"end":{"line":279,"column":42}},"160":{"start":{"line":282,"column":16},"end":{"line":282,"column":47}},"161":{"start":{"line":288,"column":12},"end":{"line":291,"column":13}},"162":{"start":{"line":290,"column":16},"end":{"line":290,"column":73}},"163":{"start":{"line":290,"column":45},"end":{"line":290,"column":71}},"164":{"start":{"line":295,"column":0},"end":{"line":295,"column":38}},"165":{"start":{"line":296,"column":0},"end":{"line":296,"column":35}}},"fnMap":{"0":{"name":"(anonymous_0)","decl":{"start":{"line":2,"column":74},"end":{"line":2,"column":75}},"loc":{"start":{"line":2,"column":96},"end":{"line":9,"column":1}},"line":2},"1":{"name":"(anonymous_1)","decl":{"start":{"line":6,"column":38},"end":{"line":6,"column":39}},"loc":{"start":{"line":6,"column":49},"end":{"line":6,"column":65}},"line":6},"2":{"name":"(anonymous_2)","decl":{"start":{"line":9,"column":6},"end":{"line":9,"column":7}},"loc":{"start":{"line":9,"column":28},"end":{"line":12,"column":1}},"line":9},"3":{"name":"(anonymous_3)","decl":{"start":{"line":13,"column":80},"end":{"line":13,"column":81}},"loc":{"start":{"line":13,"column":95},"end":{"line":15,"column":1}},"line":13},"4":{"name":"(anonymous_4)","decl":{"start":{"line":15,"column":5},"end":{"line":15,"column":6}},"loc":{"start":{"line":15,"column":20},"end":{"line":17,"column":1}},"line":15},"5":{"name":"(anonymous_5)","decl":{"start":{"line":18,"column":51},"end":{"line":18,"column":52}},"loc":{"start":{"line":18,"column":63},"end":{"line":34,"column":1}},"line":18},"6":{"name":"(anonymous_6)","decl":{"start":{"line":19,"column":18},"end":{"line":19,"column":19}},"loc":{"start":{"line":19,"column":30},"end":{"line":26,"column":5}},"line":19},"7":{"name":"(anonymous_7)","decl":{"start":{"line":20,"column":48},"end":{"line":20,"column":49}},"loc":{"start":{"line":20,"column":61},"end":{"line":24,"column":9}},"line":20},"8":{"name":"(anonymous_8)","decl":{"start":{"line":27,"column":11},"end":{"line":27,"column":12}},"loc":{"start":{"line":27,"column":26},"end":{"line":33,"column":5}},"line":27},"9":{"name":"(anonymous_9)","decl":{"start":{"line":57,"column":4},"end":{"line":57,"column":5}},"loc":{"start":{"line":57,"column":18},"end":{"line":77,"column":5}},"line":57},"10":{"name":"(anonymous_10)","decl":{"start":{"line":78,"column":4},"end":{"line":78,"column":5}},"loc":{"start":{"line":78,"column":20},"end":{"line":205,"column":5}},"line":78},"11":{"name":"(anonymous_11)","decl":{"start":{"line":139,"column":26},"end":{"line":139,"column":27}},"loc":{"start":{"line":139,"column":38},"end":{"line":147,"column":21}},"line":139},"12":{"name":"(anonymous_12)","decl":{"start":{"line":151,"column":26},"end":{"line":151,"column":27}},"loc":{"start":{"line":151,"column":38},"end":{"line":153,"column":21}},"line":151},"13":{"name":"(anonymous_13)","decl":{"start":{"line":157,"column":26},"end":{"line":157,"column":27}},"loc":{"start":{"line":157,"column":41},"end":{"line":161,"column":21}},"line":157},"14":{"name":"(anonymous_14)","decl":{"start":{"line":209,"column":4},"end":{"line":209,"column":5}},"loc":{"start":{"line":209,"column":41},"end":{"line":218,"column":5}},"line":209},"15":{"name":"(anonymous_15)","decl":{"start":{"line":211,"column":69},"end":{"line":211,"column":70}},"loc":{"start":{"line":211,"column":75},"end":{"line":211,"column":126}},"line":211},"16":{"name":"(anonymous_16)","decl":{"start":{"line":222,"column":4},"end":{"line":222,"column":5}},"loc":{"start":{"line":224,"column":10},"end":{"line":257,"column":5}},"line":224},"17":{"name":"(anonymous_17)","decl":{"start":{"line":228,"column":48},"end":{"line":228,"column":49}},"loc":{"start":{"line":228,"column":53},"end":{"line":228,"column":78}},"line":228},"18":{"name":"(anonymous_18)","decl":{"start":{"line":237,"column":31},"end":{"line":237,"column":32}},"loc":{"start":{"line":237,"column":42},"end":{"line":240,"column":17}},"line":237},"19":{"name":"(anonymous_19)","decl":{"start":{"line":261,"column":4},"end":{"line":261,"column":5}},"loc":{"start":{"line":261,"column":69},"end":{"line":293,"column":5}},"line":261},"20":{"name":"(anonymous_20)","decl":{"start":{"line":268,"column":48},"end":{"line":268,"column":49}},"loc":{"start":{"line":268,"column":53},"end":{"line":268,"column":72}},"line":268},"21":{"name":"(anonymous_21)","decl":{"start":{"line":277,"column":44},"end":{"line":277,"column":45}},"loc":{"start":{"line":277,"column":52},"end":{"line":281,"column":17}},"line":277},"22":{"name":"(anonymous_22)","decl":{"start":{"line":290,"column":34},"end":{"line":290,"column":35}},"loc":{"start":{"line":290,"column":45},"end":{"line":290,"column":71}},"line":290}},"branchMap":{"0":{"loc":{"start":{"line":2,"column":22},"end":{"line":12,"column":3}},"type":"binary-expr","locations":[{"start":{"line":2,"column":23},"end":{"line":2,"column":27}},{"start":{"line":2,"column":31},"end":{"line":2,"column":51}},{"start":{"line":2,"column":57},"end":{"line":12,"column":2}}],"line":2},"1":{"loc":{"start":{"line":2,"column":57},"end":{"line":12,"column":2}},"type":"cond-expr","locations":[{"start":{"line":2,"column":74},"end":{"line":9,"column":1}},{"start":{"line":9,"column":6},"end":{"line":12,"column":1}}],"line":2},"2":{"loc":{"start":{"line":3,"column":4},"end":{"line":3,"column":33}},"type":"if","locations":[{"start":{"line":3,"column":4},"end":{"line":3,"column":33}},{"start":{"line":3,"column":4},"end":{"line":3,"column":33}}],"line":3},"3":{"loc":{"start":{"line":5,"column":4},"end":{"line":7,"column":5}},"type":"if","locations":[{"start":{"line":5,"column":4},"end":{"line":7,"column":5}},{"start":{"line":5,"column":4},"end":{"line":7,"column":5}}],"line":5},"4":{"loc":{"start":{"line":5,"column":8},"end":{"line":5,"column":85}},"type":"binary-expr","locations":[{"start":{"line":5,"column":8},"end":{"line":5,"column":13}},{"start":{"line":5,"column":18},"end":{"line":5,"column":84}}],"line":5},"5":{"loc":{"start":{"line":5,"column":18},"end":{"line":5,"column":84}},"type":"cond-expr","locations":[{"start":{"line":5,"column":34},"end":{"line":5,"column":47}},{"start":{"line":5,"column":50},"end":{"line":5,"column":84}}],"line":5},"6":{"loc":{"start":{"line":5,"column":50},"end":{"line":5,"column":84}},"type":"binary-expr","locations":[{"start":{"line":5,"column":50},"end":{"line":5,"column":63}},{"start":{"line":5,"column":67},"end":{"line":5,"column":84}}],"line":5},"7":{"loc":{"start":{"line":10,"column":4},"end":{"line":10,"column":33}},"type":"if","locations":[{"start":{"line":10,"column":4},"end":{"line":10,"column":33}},{"start":{"line":10,"column":4},"end":{"line":10,"column":33}}],"line":10},"8":{"loc":{"start":{"line":13,"column":25},"end":{"line":17,"column":2}},"type":"binary-expr","locations":[{"start":{"line":13,"column":26},"end":{"line":13,"column":30}},{"start":{"line":13,"column":34},"end":{"line":13,"column":57}},{"start":{"line":13,"column":63},"end":{"line":17,"column":1}}],"line":13},"9":{"loc":{"start":{"line":13,"column":63},"end":{"line":17,"column":1}},"type":"cond-expr","locations":[{"start":{"line":13,"column":80},"end":{"line":15,"column":1}},{"start":{"line":15,"column":5},"end":{"line":17,"column":1}}],"line":13},"10":{"loc":{"start":{"line":18,"column":19},"end":{"line":34,"column":4}},"type":"binary-expr","locations":[{"start":{"line":18,"column":20},"end":{"line":18,"column":24}},{"start":{"line":18,"column":28},"end":{"line":18,"column":45}},{"start":{"line":18,"column":50},"end":{"line":34,"column":4}}],"line":18},"11":{"loc":{"start":{"line":20,"column":18},"end":{"line":24,"column":9}},"type":"binary-expr","locations":[{"start":{"line":20,"column":18},"end":{"line":20,"column":44}},{"start":{"line":20,"column":48},"end":{"line":24,"column":9}}],"line":20},"12":{"loc":{"start":{"line":22,"column":29},"end":{"line":22,"column":95}},"type":"if","locations":[{"start":{"line":22,"column":29},"end":{"line":22,"column":95}},{"start":{"line":22,"column":29},"end":{"line":22,"column":95}}],"line":22},"13":{"loc":{"start":{"line":28,"column":8},"end":{"line":28,"column":46}},"type":"if","locations":[{"start":{"line":28,"column":8},"end":{"line":28,"column":46}},{"start":{"line":28,"column":8},"end":{"line":28,"column":46}}],"line":28},"14":{"loc":{"start":{"line":28,"column":12},"end":{"line":28,"column":33}},"type":"binary-expr","locations":[{"start":{"line":28,"column":12},"end":{"line":28,"column":15}},{"start":{"line":28,"column":19},"end":{"line":28,"column":33}}],"line":28},"15":{"loc":{"start":{"line":30,"column":8},"end":{"line":30,"column":137}},"type":"if","locations":[{"start":{"line":30,"column":8},"end":{"line":30,"column":137}},{"start":{"line":30,"column":8},"end":{"line":30,"column":137}}],"line":30},"16":{"loc":{"start":{"line":30,"column":78},"end":{"line":30,"column":137}},"type":"if","locations":[{"start":{"line":30,"column":78},"end":{"line":30,"column":137}},{"start":{"line":30,"column":78},"end":{"line":30,"column":137}}],"line":30},"17":{"loc":{"start":{"line":82,"column":8},"end":{"line":85,"column":9}},"type":"if","locations":[{"start":{"line":82,"column":8},"end":{"line":85,"column":9}},{"start":{"line":82,"column":8},"end":{"line":85,"column":9}}],"line":82},"18":{"loc":{"start":{"line":82,"column":12},"end":{"line":82,"column":66}},"type":"binary-expr","locations":[{"start":{"line":82,"column":12},"end":{"line":82,"column":33}},{"start":{"line":82,"column":37},"end":{"line":82,"column":66}}],"line":82},"19":{"loc":{"start":{"line":86,"column":22},"end":{"line":86,"column":80}},"type":"binary-expr","locations":[{"start":{"line":86,"column":22},"end":{"line":86,"column":50}},{"start":{"line":86,"column":54},"end":{"line":86,"column":74}},{"start":{"line":86,"column":78},"end":{"line":86,"column":80}}],"line":86},"20":{"loc":{"start":{"line":88,"column":78},"end":{"line":88,"column":135}},"type":"cond-expr","locations":[{"start":{"line":88,"column":89},"end":{"line":88,"column":110}},{"start":{"line":88,"column":113},"end":{"line":88,"column":135}}],"line":88},"21":{"loc":{"start":{"line":90,"column":28},"end":{"line":90,"column":80}},"type":"binary-expr","locations":[{"start":{"line":90,"column":28},"end":{"line":90,"column":40}},{"start":{"line":90,"column":44},"end":{"line":90,"column":80}}],"line":90},"22":{"loc":{"start":{"line":91,"column":32},"end":{"line":91,"column":92}},"type":"binary-expr","locations":[{"start":{"line":91,"column":32},"end":{"line":91,"column":41}},{"start":{"line":91,"column":45},"end":{"line":91,"column":92}}],"line":91},"23":{"loc":{"start":{"line":94,"column":12},"end":{"line":105,"column":13}},"type":"if","locations":[{"start":{"line":94,"column":12},"end":{"line":105,"column":13}},{"start":{"line":94,"column":12},"end":{"line":105,"column":13}}],"line":94},"24":{"loc":{"start":{"line":96,"column":31},"end":{"line":99,"column":47}},"type":"cond-expr","locations":[{"start":{"line":97,"column":22},"end":{"line":98,"column":49}},{"start":{"line":99,"column":22},"end":{"line":99,"column":47}}],"line":96},"25":{"loc":{"start":{"line":97,"column":22},"end":{"line":98,"column":49}},"type":"binary-expr","locations":[{"start":{"line":97,"column":23},"end":{"line":97,"column":117}},{"start":{"line":98,"column":24},"end":{"line":98,"column":49}}],"line":97},"26":{"loc":{"start":{"line":97,"column":23},"end":{"line":97,"column":117}},"type":"cond-expr","locations":[{"start":{"line":97,"column":85},"end":{"line":97,"column":91}},{"start":{"line":97,"column":94},"end":{"line":97,"column":117}}],"line":97},"27":{"loc":{"start":{"line":97,"column":23},"end":{"line":97,"column":82}},"type":"binary-expr","locations":[{"start":{"line":97,"column":23},"end":{"line":97,"column":65}},{"start":{"line":97,"column":69},"end":{"line":97,"column":82}}],"line":97},"28":{"loc":{"start":{"line":101,"column":16},"end":{"line":104,"column":17}},"type":"if","locations":[{"start":{"line":101,"column":16},"end":{"line":104,"column":17}},{"start":{"line":101,"column":16},"end":{"line":104,"column":17}}],"line":101},"29":{"loc":{"start":{"line":107,"column":12},"end":{"line":115,"column":13}},"type":"if","locations":[{"start":{"line":107,"column":12},"end":{"line":115,"column":13}},{"start":{"line":107,"column":12},"end":{"line":115,"column":13}}],"line":107},"30":{"loc":{"start":{"line":110,"column":16},"end":{"line":113,"column":17}},"type":"if","locations":[{"start":{"line":110,"column":16},"end":{"line":113,"column":17}},{"start":{"line":110,"column":16},"end":{"line":113,"column":17}}],"line":110},"31":{"loc":{"start":{"line":111,"column":43},"end":{"line":111,"column":87}},"type":"binary-expr","locations":[{"start":{"line":111,"column":43},"end":{"line":111,"column":63}},{"start":{"line":111,"column":67},"end":{"line":111,"column":87}}],"line":111},"32":{"loc":{"start":{"line":121,"column":12},"end":{"line":123,"column":13}},"type":"if","locations":[{"start":{"line":121,"column":12},"end":{"line":123,"column":13}},{"start":{"line":121,"column":12},"end":{"line":123,"column":13}}],"line":121},"33":{"loc":{"start":{"line":121,"column":16},"end":{"line":121,"column":42}},"type":"binary-expr","locations":[{"start":{"line":121,"column":16},"end":{"line":121,"column":28}},{"start":{"line":121,"column":32},"end":{"line":121,"column":42}}],"line":121},"34":{"loc":{"start":{"line":124,"column":12},"end":{"line":126,"column":13}},"type":"if","locations":[{"start":{"line":124,"column":12},"end":{"line":126,"column":13}},{"start":{"line":124,"column":12},"end":{"line":126,"column":13}}],"line":124},"35":{"loc":{"start":{"line":130,"column":29},"end":{"line":132,"column":77}},"type":"cond-expr","locations":[{"start":{"line":131,"column":18},"end":{"line":131,"column":83}},{"start":{"line":132,"column":18},"end":{"line":132,"column":77}}],"line":130},"36":{"loc":{"start":{"line":142,"column":24},"end":{"line":146,"column":25}},"type":"if","locations":[{"start":{"line":142,"column":24},"end":{"line":146,"column":25}},{"start":{"line":142,"column":24},"end":{"line":146,"column":25}}],"line":142},"37":{"loc":{"start":{"line":143,"column":49},"end":{"line":144,"column":58}},"type":"binary-expr","locations":[{"start":{"line":143,"column":50},"end":{"line":143,"column":125}},{"start":{"line":144,"column":32},"end":{"line":144,"column":58}}],"line":143},"38":{"loc":{"start":{"line":143,"column":50},"end":{"line":143,"column":125}},"type":"cond-expr","locations":[{"start":{"line":143,"column":103},"end":{"line":143,"column":109}},{"start":{"line":143,"column":112},"end":{"line":143,"column":125}}],"line":143},"39":{"loc":{"start":{"line":143,"column":50},"end":{"line":143,"column":100}},"type":"binary-expr","locations":[{"start":{"line":143,"column":50},"end":{"line":143,"column":83}},{"start":{"line":143,"column":87},"end":{"line":143,"column":100}}],"line":143},"40":{"loc":{"start":{"line":166,"column":26},"end":{"line":166,"column":80}},"type":"cond-expr","locations":[{"start":{"line":166,"column":60},"end":{"line":166,"column":69}},{"start":{"line":166,"column":72},"end":{"line":166,"column":80}}],"line":166},"41":{"loc":{"start":{"line":172,"column":12},"end":{"line":174,"column":13}},"type":"if","locations":[{"start":{"line":172,"column":12},"end":{"line":174,"column":13}},{"start":{"line":172,"column":12},"end":{"line":174,"column":13}}],"line":172},"42":{"loc":{"start":{"line":177,"column":12},"end":{"line":192,"column":13}},"type":"if","locations":[{"start":{"line":177,"column":12},"end":{"line":192,"column":13}},{"start":{"line":177,"column":12},"end":{"line":192,"column":13}}],"line":177},"43":{"loc":{"start":{"line":177,"column":16},"end":{"line":177,"column":70}},"type":"binary-expr","locations":[{"start":{"line":177,"column":16},"end":{"line":177,"column":47}},{"start":{"line":177,"column":51},"end":{"line":177,"column":70}}],"line":177},"44":{"loc":{"start":{"line":178,"column":43},"end":{"line":178,"column":67}},"type":"binary-expr","locations":[{"start":{"line":178,"column":43},"end":{"line":178,"column":55}},{"start":{"line":178,"column":59},"end":{"line":178,"column":67}}],"line":178},"45":{"loc":{"start":{"line":180,"column":16},"end":{"line":188,"column":17}},"type":"if","locations":[{"start":{"line":180,"column":16},"end":{"line":188,"column":17}},{"start":{"line":180,"column":16},"end":{"line":188,"column":17}}],"line":180},"46":{"loc":{"start":{"line":181,"column":63},"end":{"line":181,"column":88}},"type":"binary-expr","locations":[{"start":{"line":181,"column":63},"end":{"line":181,"column":77}},{"start":{"line":181,"column":81},"end":{"line":181,"column":88}}],"line":181},"47":{"loc":{"start":{"line":183,"column":21},"end":{"line":188,"column":17}},"type":"if","locations":[{"start":{"line":183,"column":21},"end":{"line":188,"column":17}},{"start":{"line":183,"column":21},"end":{"line":188,"column":17}}],"line":183},"48":{"loc":{"start":{"line":189,"column":16},"end":{"line":191,"column":17}},"type":"if","locations":[{"start":{"line":189,"column":16},"end":{"line":191,"column":17}},{"start":{"line":189,"column":16},"end":{"line":191,"column":17}}],"line":189},"49":{"loc":{"start":{"line":197,"column":12},"end":{"line":202,"column":13}},"type":"if","locations":[{"start":{"line":197,"column":12},"end":{"line":202,"column":13}},{"start":{"line":197,"column":12},"end":{"line":202,"column":13}}],"line":197},"50":{"loc":{"start":{"line":213,"column":19},"end":{"line":213,"column":43}},"type":"binary-expr","locations":[{"start":{"line":213,"column":19},"end":{"line":213,"column":37}},{"start":{"line":213,"column":41},"end":{"line":213,"column":43}}],"line":213},"51":{"loc":{"start":{"line":229,"column":12},"end":{"line":231,"column":13}},"type":"if","locations":[{"start":{"line":229,"column":12},"end":{"line":231,"column":13}},{"start":{"line":229,"column":12},"end":{"line":231,"column":13}}],"line":229},"52":{"loc":{"start":{"line":234,"column":28},"end":{"line":234,"column":54}},"type":"binary-expr","locations":[{"start":{"line":234,"column":28},"end":{"line":234,"column":46}},{"start":{"line":234,"column":50},"end":{"line":234,"column":54}}],"line":234},"53":{"loc":{"start":{"line":249,"column":28},"end":{"line":249,"column":107}},"type":"cond-expr","locations":[{"start":{"line":249,"column":53},"end":{"line":249,"column":80}},{"start":{"line":249,"column":83},"end":{"line":249,"column":107}}],"line":249},"54":{"loc":{"start":{"line":255,"column":59},"end":{"line":255,"column":113}},"type":"cond-expr","locations":[{"start":{"line":255,"column":84},"end":{"line":255,"column":97}},{"start":{"line":255,"column":100},"end":{"line":255,"column":113}}],"line":255},"55":{"loc":{"start":{"line":269,"column":12},"end":{"line":271,"column":13}},"type":"if","locations":[{"start":{"line":269,"column":12},"end":{"line":271,"column":13}},{"start":{"line":269,"column":12},"end":{"line":271,"column":13}}],"line":269},"56":{"loc":{"start":{"line":278,"column":20},"end":{"line":280,"column":21}},"type":"if","locations":[{"start":{"line":278,"column":20},"end":{"line":280,"column":21}},{"start":{"line":278,"column":20},"end":{"line":280,"column":21}}],"line":278},"57":{"loc":{"start":{"line":278,"column":24},"end":{"line":278,"column":56}},"type":"binary-expr","locations":[{"start":{"line":278,"column":24},"end":{"line":278,"column":28}},{"start":{"line":278,"column":32},"end":{"line":278,"column":56}}],"line":278},"58":{"loc":{"start":{"line":288,"column":12},"end":{"line":291,"column":13}},"type":"if","locations":[{"start":{"line":288,"column":12},"end":{"line":291,"column":13}},{"start":{"line":288,"column":12},"end":{"line":291,"column":13}}],"line":288}},"s":{"0":0,"1":0,"2":0,"3":0,"4":0,"5":0,"6":0,"7":0,"8":0,"9":0,"10":0,"11":0,"12":0,"13":0,"14":0,"15":0,"16":0,"17":0,"18":0,"19":0,"20":0,"21":0,"22":0,"23":0,"24":0,"25":0,"26":0,"27":0,"28":0,"29":0,"30":0,"31":0,"32":0,"33":0,"34":0,"35":0,"36":0,"37":0,"38":0,"39":0,"40":0,"41":0,"42":0,"43":0,"44":0,"45":0,"46":0,"47":0,"48":0,"49":0,"50":0,"51":0,"52":0,"53":0,"54":0,"55":0,"56":0,"57":0,"58":0,"59":0,"60":0,"61":0,"62":0,"63":0,"64":0,"65":0,"66":0,"67":0,"68":0,"69":0,"70":0,"71":0,"72":0,"73":0,"74":0,"75":0,"76":0,"77":0,"78":0,"79":0,"80":0,"81":0,"82":0,"83":0,"84":0,"85":0,"86":0,"87":0,"88":0,"89":0,"90":0,"91":0,"92":0,"93":0,"94":0,"95":0,"96":0,"97":0,"98":0,"99":0,"100":0,"101":0,"102":0,"103":0,"104":0,"105":0,"106":0,"107":0,"108":0,"109":0,"110":0,"111":0,"112":0,"113":0,"114":0,"115":0,"116":0,"117":0,"118":0,"119":0,"120":0,"121":0,"122":0,"123":0,"124":0,"125":0,"126":0,"127":0,"128":0,"129":0,"130":0,"131":0,"132":0,"133":0,"134":0,"135":0,"136":0,"137":0,"138":0,"139":0,"140":0,"141":0,"142":0,"143":0,"144":0,"145":0,"146":0,"147":0,"148":0,"149":0,"150":0,"151":0,"152":0,"153":0,"154":0,"155":0,"156":0,"157":0,"158":0,"159":0,"160":0,"161":0,"162":0,"163":0,"164":0,"165":0},"f":{"0":0,"1":0,"2":0,"3":0,"4":0,"5":0,"6":0,"7":0,"8":0,"9":0,"10":0,"11":0,"12":0,"13":0,"14":0,"15":0,"16":0,"17":0,"18":0,"19":0,"20":0,"21":0,"22":0},"b":{"0":[0,0,0],"1":[0,0],"2":[0,0],"3":[0,0],"4":[0,0],"5":[0,0],"6":[0,0],"7":[0,0],"8":[0,0,0],"9":[0,0],"10":[0,0,0],"11":[0,0],"12":[0,0],"13":[0,0],"14":[0,0],"15":[0,0],"16":[0,0],"17":[0,0],"18":[0,0],"19":[0,0,0],"20":[0,0],"21":[0,0],"22":[0,0],"23":[0,0],"24":[0,0],"25":[0,0],"26":[0,0],"27":[0,0],"28":[0,0],"29":[0,0],"30":[0,0],"31":[0,0],"32":[0,0],"33":[0,0],"34":[0,0],"35":[0,0],"36":[0,0],"37":[0,0],"38":[0,0],"39":[0,0],"40":[0,0],"41":[0,0],"42":[0,0],"43":[0,0],"44":[0,0],"45":[0,0],"46":[0,0],"47":[0,0],"48":[0,0],"49":[0,0],"50":[0,0],"51":[0,0],"52":[0,0],"53":[0,0],"54":[0,0],"55":[0,0],"56":[0,0],"57":[0,0],"58":[0,0]},"inputSourceMap":{"version":3,"file":"DeployCommand.js","sourceRoot":"","sources":["../../../src/commands/clipanion/DeployCommand.ts"],"names":[],"mappings":";;;;;;;;;;;;;;;;;;;;;;;;;;;;;;;;;;;;AAAA,8DAAoE;AAEpE,yCAAmC;AACnC,mCAA+B;AAC/B,oFAAiF;AACjF,6FAA0F;AAC1F,iEAA8D;AAC9D,2EAAwE;AACxE,4DAAyD;AACzD,0EAAuE;AACvE,0FAAuF;AACvF,gGAA6F;AAE7F,8CAAmD;AACnD,qDAG+B;AAC/B,6DAAgE;AAChE,mDAAqD;AACrD,iEAA8D;AAE9D;;GAEG;AACH,MAAa,aAAc,SAAQ,2CAAoB;IAAvD;;QAGC,YAAO,GAAG,kBAAM,CAAC,MAAM,CAAC,WAAW,EAAE;YACpC,WAAW,EAAE,+BAA+B;SAC5C,CAAC,CAAC;QAEH,SAAI,GAAG,kBAAM,CAAC,MAAM,CAAC,QAAQ,EAAE;YAC9B,WAAW,EAAE,oBAAoB;SACjC,CAAC,CAAC;QAEH,SAAI,GAAG,kBAAM,CAAC,MAAM,CAAC,QAAQ,EAAE;YAC9B,WAAW,EAAE,cAAc;SAC3B,CAAC,CAAC;QAEH,SAAI,GAAG,kBAAM,CAAC,MAAM,CAAC,QAAQ,EAAE;YAC9B,WAAW,EAAE,mBAAmB;SAChC,CAAC,CAAC;QAEH,UAAK,GAAG,kBAAM,CAAC,OAAO,CAAC,SAAS,EAAE,KAAK,EAAE;YACxC,WAAW,EAAE,kBAAkB;SAC/B,CAAC,CAAC;QAEH,QAAG,GAAG,kBAAM,CAAC,OAAO,CAAC,OAAO,EAAE,KAAK,EAAE;YACpC,WAAW,EAAE,wBAAwB;SACrC,CAAC,CAAC;IAiVJ,CAAC;IA/UA,KAAK,CAAC,OAAO;;QACZ,MAAM,OAAO,GAAG,MAAM,IAAI,CAAC,YAAY,EAAE,CAAC;QAE1C,uBAAuB;QACvB,IAAI,CAAC,OAAO,CAAC,MAAM,CAAC,KAAK,IAAI,CAAC,OAAO,CAAC,GAAG,CAAC,gBAAgB,EAAE,CAAC;YAC5D,IAAI,CAAC,SAAS,EAAE,CAAC,KAAK,CACrB,8DAA8D,CAC9D,CAAC;YACF,OAAO,CAAC,CAAC;QACV,CAAC;QAED,MAAM,KAAK,GACV,OAAO,CAAC,GAAG,CAAC,gBAAgB,IAAI,OAAO,CAAC,MAAM,CAAC,KAAK,IAAI,EAAE,CAAC;QAE5D,IAAI,CAAC;YACJ,MAAM,cAAc,GAAG,IAAI,+BAAc,CACxC,KAAK,EACL,IAAI,CAAC,GAAG,CAAC,CAAC,CAAC,OAAO,CAAC,MAAM,CAAC,MAAM,CAAC,CAAC,CAAC,OAAO,CAAC,MAAM,CAAC,OAAO,EACzD,IAAI,yBAAW,EAAE,CACjB,CAAC;YAEF,2CAA2C;YAC3C,MAAM,OAAO,GAAG,IAAI,CAAC,OAAO,IAAI,IAAA,6BAAiB,GAAE,CAAC;YACpD,MAAM,WAAW,GAAG,IAAI,CAAC,IAAI,IAAI,IAAA,iCAAqB,EAAC,OAAO,CAAC,CAAC;YAEhE,0BAA0B;YAC1B,IAAI,YAAY,GAAsB,IAAI,CAAC,IAE/B,CAAC;YAEb,IAAI,IAAI,CAAC,KAAK,EAAE,CAAC;gBAChB,MAAM,YAAY,GAAG,IAAI,+CAAsB,CAAC,cAAc,CAAC,CAAC;gBAChE,MAAM,MAAM,GAAG,IAAI,CAAC,IAAI;oBACvB,CAAC,CAAC,CAAA,MAAA,IAAI,CAAC,IAAI,CAAC,KAAK,CAAC,MAAM,CAAC,CAAC,CAAC,CAAC,0CAAE,KAAK,CAAC,GAAG,EAAE,IAAI,CAAC,GAAG,CAAC;wBAChD,WAAW,CAAC,WAAW,EAAE;oBAC3B,CAAC,CAAC,WAAW,CAAC,WAAW,EAAE,CAAC;gBAE7B,MAAM,YAAY,GAAG,MAAM,YAAY,CAAC,WAAW,CAAC,MAAM,CAAC,CAAC;gBAC5D,IAAI,YAAY,EAAE,CAAC;oBAClB,YAAY,GAAG,YAAY,CAAC;oBAC5B,IAAI,CAAC,SAAS,EAAE,CAAC,IAAI,CACpB,mEAAmE,CACnE,CAAC;gBACH,CAAC;YACF,CAAC;YAED,8BAA8B;YAC9B,IAAI,CAAC,YAAY,EAAE,CAAC;gBACnB,MAAM,WAAW,GAAG,IAAI,yBAAW,CAAC,cAAc,CAAC,CAAC;gBACpD,MAAM,YAAY,GAAG,MAAM,WAAW,CAAC,qBAAqB,EAAE,CAAC;gBAC/D,IAAI,CAAC,YAAY,CAAC,SAAS,EAAE,CAAC;oBAC7B,IAAI,CAAC,SAAS,EAAE,CAAC,KAAK,CACrB,YAAY,CAAC,OAAO,IAAI,oBAAoB,CAC5C,CAAC;oBACF,OAAO,CAAC,CAAC;gBACV,CAAC;gBACD,YAAY,GAAG,MAAM,WAAW,CAAC,UAAU,CAC1C,IAAI,CAAC,IAAyB,CAC9B,CAAC;YACH,CAAC;YAED,sBAAsB;YACtB,MAAM,OAAO,GAAG,IAAI,iDAAuB,EAAE;iBAC3C,SAAS,CAAC,IAAI,CAAC,KAAK,CAAC;iBACrB,OAAO,CAAC,IAAI,CAAC,GAAG,CAAC;iBACjB,QAAQ,CAAC,YAAY,CAAC,CAAC;YAEzB,IAAI,IAAI,CAAC,OAAO,IAAI,CAAC,IAAI,CAAC,IAAI,EAAE,CAAC;gBAChC,OAAO,CAAC,WAAW,CAAC,OAAO,CAAC,CAAC;YAC9B,CAAC;YAED,IAAI,IAAI,CAAC,IAAI,EAAE,CAAC;gBACf,OAAO,CAAC,QAAQ,CAAC,IAAI,CAAC,IAAI,CAAC,CAAC;YAC7B,CAAC;YAED,OAAO,CAAC,QAAQ,CAAC,WAAW,CAAC,CAAC;YAE9B,MAAM,MAAM,GAAG,OAAO,CAAC,KAAK,EAAE,CAAC;YAE/B,kBAAkB;YAClB,MAAM,QAAQ,GAAG,IAAI,CAAC,IAAI;gBACzB,CAAC,CAAC,IAAI,2DAA4B,EAAE;gBACpC,CAAC,CAAC,IAAI,qDAAyB,EAAE,CAAC;YAEnC,4CAA4C;YAC5C,MAAM,iBAAiB,GAAG,IAAI,qCAAiB,CAC9C,QAAQ,EACR,MAAM,EACN,cAAc,CACd,CAAC;YAEF,8CAA8C;YAC9C,MAAM,KAAK,GAAG,IAAI,cAAK,CACtB;gBACC;oBACC,KAAK,EAAE,qCAAqC;oBAC5C,IAAI,EAAE,KAAK,IAAI,EAAE;;wBAChB,MAAM,UAAU,GAAG,MAAM,QAAQ,CAAC,QAAQ,CACzC,iBAAiB,CACjB,CAAC;wBACF,IAAI,CAAC,UAAU,CAAC,KAAK,EAAE,CAAC;4BACvB,MAAM,YAAY,GACjB,CAAA,MAAA,UAAU,CAAC,MAAM,0CAAE,IAAI,CAAC,IAAI,CAAC;gCAC7B,0BAA0B,CAAC;4BAC5B,MAAM,IAAI,KAAK,CACd,sBAAsB,YAAY,EAAE,CACpC,CAAC;wBACH,CAAC;oBACF,CAAC;iBACD;gBACD;oBACC,KAAK,EAAE,sBAAsB;oBAC7B,IAAI,EAAE,KAAK,IAAI,EAAE;wBAChB,MAAM,QAAQ,CAAC,OAAO,CAAC,iBAAiB,CAAC,CAAC;oBAC3C,CAAC;iBACD;gBACD;oBACC,KAAK,EAAE,uBAAuB;oBAC9B,IAAI,EAAE,KAAK,EAAE,GAKZ,EAAE,EAAE;wBACJ,MAAM,MAAM,GAAG,MAAM,iBAAiB,CAAC,MAAM,EAAE,CAAC;wBAChD,GAAG,CAAC,gBAAgB,GAAG,MAAM,CAAC;wBAC9B,GAAG,CAAC,QAAQ,GAAG,QAAQ,CAAC;oBACzB,CAAC;iBACD;aACD,EACD;gBACC,UAAU,EAAE,KAAK;gBACjB,WAAW,EAAE,IAAI;gBACjB,QAAQ,EAAE,IAAA,wBAAa,GAAE,CAAC,CAAC,CAAC,SAAS,CAAC,CAAC,CAAC,QAAQ;aAChD,CACD,CAAC;YAEF,8CAA8C;YAC9C,MAAM,GAAG,GAKL,EAAE,CAAC;YACP,MAAM,KAAK,CAAC,GAAG,CAAC,GAAG,CAAC,CAAC;YAErB,MAAM,MAAM,GAAG,GAAG,CAAC,gBAAgB,CAAC;YACpC,IAAI,CAAC,MAAM,EAAE,CAAC;gBACb,MAAM,IAAI,KAAK,CAAC,uCAAuC,CAAC,CAAC;YAC1D,CAAC;YAED,IAAI,CAAC,SAAS,EAAE,CAAC,IAAI,CACpB,cAAc,MAAM,CAAC,YAAY,uBAAuB,CACxD,CAAC;YAEF,mEAAmE;YACnE,IAAI,IAAA,wBAAa,GAAE,IAAI,MAAM,CAAC,YAAY,EAAE,CAAC;gBAC5C,MAAM,kBAAkB,GAAG,GAAG,CAAC,QAAQ,IAAI,QAAQ,CAAC;gBACpD,IAAI,OAAiB,CAAC;gBACtB,IAAI,kBAAkB,YAAY,qDAAyB,EAAE,CAAC;oBAC7D,OAAO,GAAG,MAAM,IAAI,CAAC,qBAAqB,CACzC,MAAM,CAAC,OAAO,IAAI,OAAO,CACzB,CAAC;gBACH,CAAC;qBAAM,IACN,kBAAkB,YAAY,2DAA4B,EACzD,CAAC;oBACF,OAAO,GAAG,kBAAkB,CAAC,UAAU,EAAE,CAAC;gBAC3C,CAAC;qBAAM,CAAC;oBACP,OAAO,GAAG,EAAE,CAAC;gBACd,CAAC;gBAED,IAAI,OAAO,CAAC,MAAM,GAAG,CAAC,EAAE,CAAC;oBACxB,MAAM,IAAI,CAAC,uBAAuB,CACjC,cAAc,EACd,MAAM,CAAC,YAAY,EACnB,OAAO,EACP,IAAI,CAAC,GAAG,CACR,CAAC;gBACH,CAAC;YACF,CAAC;YAED,IAAI,CAAC,SAAS,EAAE,CAAC,IAAI,CACpB,qEAAqE,CACrE,CAAC;YAEF,OAAO,CAAC,CAAC;QACV,CAAC;QAAC,OAAO,KAAK,EAAE,CAAC;YAChB,IAAI,KAAK,YAAY,KAAK,EAAE,CAAC;gBAC5B,IAAI,CAAC,SAAS,EAAE,CAAC,KAAK,CAAC,sBAAsB,KAAK,CAAC,OAAO,EAAE,CAAC,CAAC;YAC/D,CAAC;iBAAM,CAAC;gBACP,IAAI,CAAC,SAAS,EAAE,CAAC,KAAK,CAAC,mBAAmB,CAAC,CAAC;YAC7C,CAAC;YACD,OAAO,CAAC,CAAC;QACV,CAAC;IACF,CAAC;IAED;;OAEG;IACK,KAAK,CAAC,qBAAqB,CAAC,OAAe;QAClD,IAAI,CAAC;YACJ,MAAM,EAAE,eAAe,EAAE,GAAG,wDAC3B,4BAA4B,GAC5B,CAAC;YACF,MAAM,UAAU,GAAG,MAAM,eAAe,CAAC,OAAO,CAAC,CAAC;YAClD,OAAO,UAAU,CAAC,OAAO,IAAI,EAAE,CAAC;QACjC,CAAC;QAAC,MAAM,CAAC;YACR,OAAO,EAAE,CAAC;QACX,CAAC;IACF,CAAC;IAED;;OAEG;IACK,KAAK,CAAC,uBAAuB,CACpC,MAAsB,EACtB,YAAoB,EACpB,OAAiB;IACjB,6DAA6D;IAC7D,IAAa;QAEb,IAAI,CAAC;YACJ,yBAAyB;YACzB,MAAM,WAAW,GAAG,MAAM,MAAM,CAAC,OAAO,EAAE,CAAC;YAC3C,MAAM,UAAU,GAAI,WAA4B,CAAC,IAAI,CACpD,CAAC,CAAC,EAAE,CAAC,CAAC,CAAC,MAAM,KAAK,YAAY,CAC9B,CAAC;YAEF,IAAI,CAAC,UAAU,EAAE,CAAC;gBACjB,OAAO;YACR,CAAC;YAED,MAAM,MAAM,GAAG,UAAU,CAAC,MAAM,CAAC;YACjC,MAAM,MAAM,GAAG,UAAU,CAAC,MAAM,CAAC;YACjC,MAAM,OAAO,GAAG,UAAU,CAAC,OAAO,IAAI,IAAI,CAAC;YAE3C,2BAA2B;YAC3B,MAAM,gBAAgB,GAAG;gBACxB,GAAG,OAAO,CAAC,GAAG,CAAC,MAAM,CAAC,EAAE,CAAC,CAAC;oBACzB,IAAI,EAAE,IAAA,mCAAmB,EAAC,MAAM,CAAC;oBACjC,KAAK,EAAE,MAAM;iBACb,CAAC,CAAC;gBACH;oBACC,IAAI,EAAE,QAAQ;oBACd,KAAK,EAAE,QAAQ;iBACf;aACD,CAAC;YAEF,mBAAmB;YACnB,MAAM,SAAS,GAAG,MAAM,IAAA,yBAAe,EACtC,gBAAgB,EAChB,gCAAgC,CAChC,CAAC;YAEF,qBAAqB;YACrB,MAAM,OAAO,GACZ,SAAS,KAAK,QAAQ,CAAC,CAAC,CAAC,oBAAO,CAAC,MAAM,CAAC,CAAC,CAAC,oBAAO,CAAC,GAAG,CAAC;YAEvD,yBAAyB;YACzB,MAAM,IAAI,CAAC,QAAQ,CAClB,MAAM,EACN,SAAS,EACT,MAAM,EACN,MAAM,EACN,OAAO,EACP,OAAO,CACP,CAAC;QACH,CAAC;QAAC,OAAO,KAAK,EAAE,CAAC;YAChB,2CAA2C;YAC3C,IAAI,CAAC,SAAS,EAAE,CAAC,KAAK,CACrB,wBACC,KAAK,YAAY,KAAK,CAAC,CAAC,CAAC,KAAK,CAAC,OAAO,CAAC,CAAC,CAAC,MAAM,CAAC,KAAK,CACtD,EAAE,CACF,CAAC;QACH,CAAC;IACF,CAAC;IAED;;OAEG;IACK,KAAK,CAAC,QAAQ,CACrB,MAAsB,EACtB,SAAiB,EACjB,MAAc,EACd,MAAc,EACd,OAAe,EACf,IAAa;QAEb,IAAI,CAAC,SAAS,EAAE,CAAC,IAAI,CAAC,WAAW,IAAI,aAAa,MAAM,KAAK,CAAC,CAAC;QAE/D,IAAI,QAAQ,GAAa,CAAC,EAAE,CAAC,CAAC;QAC9B,IAAI,MAAM,GAAG,QAAQ,CAAC;QAEtB,OAAO,MAAM,KAAK,OAAO,EAAE,CAAC;YAC3B,gCAAgC;YAChC,MAAM,WAAW,GAAG,MAAM,MAAM,CAAC,OAAO,EAAE,CAAC;YAC3C,MAAM,UAAU,GAAI,WAA4B,CAAC,IAAI,CACpD,CAAC,CAAC,EAAE,CAAC,CAAC,CAAC,MAAM,KAAK,MAAM,CACxB,CAAC;YAEF,IAAI,CAAC,UAAU,EAAE,CAAC;gBACjB,MAAM,IAAI,KAAK,CAAC,cAAc,MAAM,YAAY,CAAC,CAAC;YACnD,CAAC;YAED,MAAM,GAAG,UAAU,CAAC,MAAM,CAAC;YAE3B,WAAW;YACX,IAAI,CAAC;gBACJ,MAAM,OAAO,GAAG,MAAM,MAAM,CAAC,IAAI,CAChC,SAAS,EACT,IAAI,EACJ,MAAM,EACN,MAAM,EACN,OAAO,CACP,CAAC;gBAEF,MAAM,MAAM,GAAG,IAAI,CAAC,SAAS,EAAE,CAAC;gBAChC,OAAO,CAAC,KAAK,CAAC,IAAI,CAAC,CAAC,OAAO,CAAC,IAAI,CAAC,EAAE;oBAClC,IAAI,IAAI,IAAI,CAAC,QAAQ,CAAC,QAAQ,CAAC,IAAI,CAAC,EAAE,CAAC;wBACtC,MAAM,CAAC,IAAI,CAAC,IAAI,CAAC,CAAC;oBACnB,CAAC;gBACF,CAAC,CAAC,CAAC;gBAEH,QAAQ,GAAG,OAAO,CAAC,KAAK,CAAC,IAAI,CAAC,CAAC;YAChC,CAAC;YAAC,OAAO,GAAG,EAAE,CAAC;gBACd,kEAAkE;gBAClE,qCAAqC;YACtC,CAAC;YAED,IAAI,MAAM,KAAK,OAAO,EAAE,CAAC;gBACxB,mCAAmC;gBACnC,MAAM,IAAI,OAAO,CAAC,OAAO,CAAC,EAAE,CAAC,UAAU,CAAC,OAAO,EAAE,KAAK,CAAC,CAAC,CAAC;YAC1D,CAAC;QACF,CAAC;IACF,CAAC;;AAzWF,sCA0WC;AAzWO,mBAAK,GAAG,CAAC,CAAC,QAAQ,CAAC,CAAC,AAAf,CAAgB"},"all":true},"/Users/praveen/github/@pkspyder007/metacall/deploy/dist/commands/clipanion/InspectCommand.js":{"path":"/Users/praveen/github/@pkspyder007/metacall/deploy/dist/commands/clipanion/InspectCommand.js","statementMap":{"0":{"start":{"line":2,"column":0},"end":{"line":2,"column":62}},"1":{"start":{"line":3,"column":0},"end":{"line":3,"column":32}},"2":{"start":{"line":4,"column":20},"end":{"line":4,"column":40}},"3":{"start":{"line":5,"column":31},"end":{"line":5,"column":64}},"4":{"start":{"line":6,"column":25},"end":{"line":6,"column":74}},"5":{"start":{"line":7,"column":22},"end":{"line":7,"column":59}},"6":{"start":{"line":8,"column":23},"end":{"line":8,"column":58}},"7":{"start":{"line":9,"column":27},"end":{"line":9,"column":66}},"8":{"start":{"line":15,"column":8},"end":{"line":15,"column":28}},"9":{"start":{"line":16,"column":8},"end":{"line":18,"column":11}},"10":{"start":{"line":19,"column":8},"end":{"line":21,"column":11}},"11":{"start":{"line":22,"column":8},"end":{"line":24,"column":11}},"12":{"start":{"line":27,"column":24},"end":{"line":27,"column":49}},"13":{"start":{"line":28,"column":8},"end":{"line":50,"column":9}},"14":{"start":{"line":29,"column":27},"end":{"line":29,"column":182}},"15":{"start":{"line":30,"column":27},"end":{"line":30,"column":49}},"16":{"start":{"line":31,"column":12},"end":{"line":39,"column":13}},"17":{"start":{"line":32,"column":16},"end":{"line":32,"column":59}},"18":{"start":{"line":34,"column":17},"end":{"line":39,"column":13}},"19":{"start":{"line":35,"column":16},"end":{"line":35,"column":44}},"20":{"start":{"line":38,"column":16},"end":{"line":38,"column":55}},"21":{"start":{"line":40,"column":12},"end":{"line":40,"column":21}},"22":{"start":{"line":43,"column":12},"end":{"line":48,"column":13}},"23":{"start":{"line":44,"column":16},"end":{"line":44,"column":90}},"24":{"start":{"line":47,"column":16},"end":{"line":47,"column":72}},"25":{"start":{"line":49,"column":12},"end":{"line":49,"column":21}},"26":{"start":{"line":56,"column":22},"end":{"line":62,"column":9}},"27":{"start":{"line":57,"column":33},"end":{"line":57,"column":55}},"28":{"start":{"line":58,"column":27},"end":{"line":60,"column":39}},"29":{"start":{"line":61,"column":12},"end":{"line":61,"column":74}},"30":{"start":{"line":63,"column":8},"end":{"line":74,"column":9}},"31":{"start":{"line":66,"column":12},"end":{"line":70,"column":13}},"32":{"start":{"line":67,"column":16},"end":{"line":67,"column":32}},"33":{"start":{"line":68,"column":16},"end":{"line":68,"column":30}},"34":{"start":{"line":69,"column":16},"end":{"line":69,"column":72}},"35":{"start":{"line":69,"column":45},"end":{"line":69,"column":70}},"36":{"start":{"line":73,"column":12},"end":{"line":73,"column":26}},"37":{"start":{"line":80,"column":28},"end":{"line":80,"column":50}},"38":{"start":{"line":81,"column":8},"end":{"line":81,"column":68}},"39":{"start":{"line":87,"column":29},"end":{"line":87,"column":51}},"40":{"start":{"line":88,"column":23},"end":{"line":88,"column":79}},"41":{"start":{"line":89,"column":28},"end":{"line":89,"column":94}},"42":{"start":{"line":90,"column":8},"end":{"line":90,"column":68}},"43":{"start":{"line":93,"column":0},"end":{"line":93,"column":40}},"44":{"start":{"line":94,"column":0},"end":{"line":94,"column":37}}},"fnMap":{"0":{"name":"(anonymous_0)","decl":{"start":{"line":14,"column":4},"end":{"line":14,"column":5}},"loc":{"start":{"line":14,"column":18},"end":{"line":25,"column":5}},"line":14},"1":{"name":"(anonymous_1)","decl":{"start":{"line":26,"column":4},"end":{"line":26,"column":5}},"loc":{"start":{"line":26,"column":20},"end":{"line":51,"column":5}},"line":26},"2":{"name":"(anonymous_2)","decl":{"start":{"line":55,"column":4},"end":{"line":55,"column":5}},"loc":{"start":{"line":55,"column":38},"end":{"line":75,"column":5}},"line":55},"3":{"name":"(anonymous_3)","decl":{"start":{"line":56,"column":22},"end":{"line":56,"column":23}},"loc":{"start":{"line":56,"column":34},"end":{"line":62,"column":9}},"line":56},"4":{"name":"(anonymous_4)","decl":{"start":{"line":69,"column":34},"end":{"line":69,"column":35}},"loc":{"start":{"line":69,"column":45},"end":{"line":69,"column":70}},"line":69},"5":{"name":"(anonymous_5)","decl":{"start":{"line":79,"column":4},"end":{"line":79,"column":5}},"loc":{"start":{"line":79,"column":27},"end":{"line":82,"column":5}},"line":79},"6":{"name":"(anonymous_6)","decl":{"start":{"line":86,"column":4},"end":{"line":86,"column":5}},"loc":{"start":{"line":86,"column":42},"end":{"line":91,"column":5}},"line":86}},"branchMap":{"0":{"loc":{"start":{"line":29,"column":63},"end":{"line":29,"column":89}},"type":"binary-expr","locations":[{"start":{"line":29,"column":63},"end":{"line":29,"column":83}},{"start":{"line":29,"column":87},"end":{"line":29,"column":89}}],"line":29},"1":{"loc":{"start":{"line":29,"column":91},"end":{"line":29,"column":148}},"type":"cond-expr","locations":[{"start":{"line":29,"column":102},"end":{"line":29,"column":123}},{"start":{"line":29,"column":126},"end":{"line":29,"column":148}}],"line":29},"2":{"loc":{"start":{"line":30,"column":27},"end":{"line":30,"column":49}},"type":"binary-expr","locations":[{"start":{"line":30,"column":27},"end":{"line":30,"column":38}},{"start":{"line":30,"column":42},"end":{"line":30,"column":49}}],"line":30},"3":{"loc":{"start":{"line":31,"column":12},"end":{"line":39,"column":13}},"type":"if","locations":[{"start":{"line":31,"column":12},"end":{"line":39,"column":13}},{"start":{"line":31,"column":12},"end":{"line":39,"column":13}}],"line":31},"4":{"loc":{"start":{"line":31,"column":16},"end":{"line":31,"column":61}},"type":"binary-expr","locations":[{"start":{"line":31,"column":16},"end":{"line":31,"column":36}},{"start":{"line":31,"column":40},"end":{"line":31,"column":61}}],"line":31},"5":{"loc":{"start":{"line":34,"column":17},"end":{"line":39,"column":13}},"type":"if","locations":[{"start":{"line":34,"column":17},"end":{"line":39,"column":13}},{"start":{"line":34,"column":17},"end":{"line":39,"column":13}}],"line":34},"6":{"loc":{"start":{"line":34,"column":21},"end":{"line":34,"column":58}},"type":"binary-expr","locations":[{"start":{"line":34,"column":21},"end":{"line":34,"column":38}},{"start":{"line":34,"column":42},"end":{"line":34,"column":58}}],"line":34},"7":{"loc":{"start":{"line":43,"column":12},"end":{"line":48,"column":13}},"type":"if","locations":[{"start":{"line":43,"column":12},"end":{"line":48,"column":13}},{"start":{"line":43,"column":12},"end":{"line":48,"column":13}}],"line":43},"8":{"loc":{"start":{"line":58,"column":27},"end":{"line":60,"column":39}},"type":"cond-expr","locations":[{"start":{"line":59,"column":18},"end":{"line":59,"column":39}},{"start":{"line":60,"column":18},"end":{"line":60,"column":39}}],"line":58},"9":{"loc":{"start":{"line":63,"column":8},"end":{"line":74,"column":9}},"type":"if","locations":[{"start":{"line":63,"column":8},"end":{"line":74,"column":9}},{"start":{"line":63,"column":8},"end":{"line":74,"column":9}}],"line":63},"10":{"loc":{"start":{"line":88,"column":23},"end":{"line":88,"column":79}},"type":"cond-expr","locations":[{"start":{"line":88,"column":34},"end":{"line":88,"column":55}},{"start":{"line":88,"column":58},"end":{"line":88,"column":79}}],"line":88}},"s":{"0":0,"1":0,"2":0,"3":0,"4":0,"5":0,"6":0,"7":0,"8":0,"9":0,"10":0,"11":0,"12":0,"13":0,"14":0,"15":0,"16":0,"17":0,"18":0,"19":0,"20":0,"21":0,"22":0,"23":0,"24":0,"25":0,"26":0,"27":0,"28":0,"29":0,"30":0,"31":0,"32":0,"33":0,"34":0,"35":0,"36":0,"37":0,"38":0,"39":0,"40":0,"41":0,"42":0,"43":0,"44":0},"f":{"0":0,"1":0,"2":0,"3":0,"4":0,"5":0,"6":0},"b":{"0":[0,0],"1":[0,0],"2":[0,0],"3":[0,0],"4":[0,0],"5":[0,0],"6":[0,0],"7":[0,0],"8":[0,0],"9":[0,0],"10":[0,0]},"inputSourceMap":{"version":3,"file":"InspectCommand.js","sourceRoot":"","sources":["../../../src/commands/clipanion/InspectCommand.ts"],"names":[],"mappings":";;;AAAA,yCAAmC;AACnC,iEAA8D;AAC9D,2EAAwE;AACxE,4DAAyD;AACzD,2DAAsD;AACtD,mEAAqE;AAIrE;;GAEG;AACH,MAAa,cAAe,SAAQ,2CAAoB;IAAxD;;QAGC,WAAM,GAAG,kBAAM,CAAC,MAAM,CAAC,UAAU,EAAE;YAClC,WAAW,EAAE,sCAAsC;SACnD,CAAC,CAAC;QAEH,UAAK,GAAG,kBAAM,CAAC,OAAO,CAAC,SAAS,EAAE,KAAK,EAAE;YACxC,WAAW,EAAE,8BAA8B;SAC3C,CAAC,CAAC;QAEH,QAAG,GAAG,kBAAM,CAAC,OAAO,CAAC,OAAO,EAAE,KAAK,EAAE;YACpC,WAAW,EAAE,wBAAwB;SACrC,CAAC,CAAC;IAmFJ,CAAC;IAjFA,KAAK,CAAC,OAAO;QACZ,MAAM,OAAO,GAAG,MAAM,IAAI,CAAC,YAAY,EAAE,CAAC;QAE1C,IAAI,CAAC;YACJ,MAAM,MAAM,GAAG,IAAI,+BAAc,CAChC,OAAO,CAAC,MAAM,CAAC,KAAK,IAAI,EAAE,EAC1B,IAAI,CAAC,GAAG,CAAC,CAAC,CAAC,OAAO,CAAC,MAAM,CAAC,MAAM,CAAC,CAAC,CAAC,OAAO,CAAC,MAAM,CAAC,OAAO,EACzD,IAAI,yBAAW,EAAE,CACjB,CAAC;YAEF,MAAM,MAAM,GAAG,IAAI,CAAC,MAAM,IAAI,OAAO,CAAC;YAEtC,IAAI,MAAM,KAAK,SAAS,IAAI,MAAM,KAAK,UAAU,EAAE,CAAC;gBACnD,MAAM,IAAI,CAAC,cAAc,CAAC,MAAM,EAAE,OAAO,CAAC,CAAC;YAC5C,CAAC;iBAAM,IAAI,MAAM,KAAK,MAAM,IAAI,MAAM,KAAK,KAAK,EAAE,CAAC;gBAClD,MAAM,IAAI,CAAC,QAAQ,CAAC,MAAM,CAAC,CAAC;YAC7B,CAAC;iBAAM,CAAC;gBACP,MAAM,IAAI,CAAC,UAAU,CAAC,MAAM,EAAE,OAAO,CAAC,CAAC;YACxC,CAAC;YAED,OAAO,CAAC,CAAC;QACV,CAAC;QAAC,OAAO,KAAK,EAAE,CAAC;YAChB,IAAI,KAAK,YAAY,KAAK,EAAE,CAAC;gBAC5B,IAAI,CAAC,SAAS,EAAE,CAAC,KAAK,CACrB,kCAAkC,KAAK,CAAC,OAAO,EAAE,CACjD,CAAC;YACH,CAAC;iBAAM,CAAC;gBACP,IAAI,CAAC,SAAS,EAAE,CAAC,KAAK,CAAC,+BAA+B,CAAC,CAAC;YACzD,CAAC;YACD,OAAO,CAAC,CAAC;QACV,CAAC;IACF,CAAC;IAED;;OAEG;IACK,KAAK,CAAC,UAAU,CACvB,MAAsB,EACtB,OAAuB;QAEvB,MAAM,KAAK,GAAG,KAAK,IAAI,EAAE;YACxB,MAAM,WAAW,GAAG,CAAC,MAAM,MAAM,CAAC,OAAO,EAAE,CAAiB,CAAC;YAC7D,MAAM,MAAM,GAAG,IAAI,CAAC,GAAG;gBACtB,CAAC,CAAC,OAAO,CAAC,MAAM,CAAC,MAAM;gBACvB,CAAC,CAAC,OAAO,CAAC,MAAM,CAAC,MAAM,CAAC;YACzB,IAAA,yBAAU,EAAC,WAAW,EAAE,MAAM,EAAE,IAAI,CAAC,GAAG,CAAC,CAAC;QAC3C,CAAC,CAAC;QAEF,IAAI,IAAI,CAAC,KAAK,EAAE,CAAC;YAChB,uCAAuC;YACvC,iDAAiD;YACjD,OAAO,IAAI,EAAE,CAAC;gBACb,OAAO,CAAC,KAAK,EAAE,CAAC;gBAChB,MAAM,KAAK,EAAE,CAAC;gBACd,MAAM,IAAI,OAAO,CAAC,OAAO,CAAC,EAAE,CAAC,UAAU,CAAC,OAAO,EAAE,IAAI,CAAC,CAAC,CAAC;YACzD,CAAC;QACF,CAAC;aAAM,CAAC;YACP,MAAM,KAAK,EAAE,CAAC;QACf,CAAC;IACF,CAAC;IAED;;OAEG;IACK,KAAK,CAAC,QAAQ,CAAC,MAAsB;QAC5C,MAAM,WAAW,GAAG,MAAM,MAAM,CAAC,OAAO,EAAE,CAAC;QAC3C,IAAI,CAAC,SAAS,EAAE,CAAC,IAAI,CAAC,IAAI,CAAC,SAAS,CAAC,WAAW,EAAE,IAAI
[...]
"column":0},"end":{"line":10,"column":44}},"9":{"start":{"line":11,"column":0},"end":{"line":11,"column":42}},"10":{"start":{"line":12,"column":13},"end":{"line":12,"column":26}},"11":{"start":{"line":13,"column":15},"end":{"line":13,"column":30}},"12":{"start":{"line":14,"column":13},"end":{"line":14,"column":26}},"13":{"start":{"line":22,"column":1},"end":{"line":24,"column":3}},"14":{"start":{"line":30,"column":18},"end":{"line":30,"column":49}},"15":{"start":{"line":31,"column":1},"end":{"line":31,"column":59}},"16":{"start":{"line":32,"column":1},"end":{"line":32,"column":17}},"17":{"start":{"line":38,"column":1},"end":{"line":42,"column":2}},"18":{"start":{"line":39,"column":2},"end":{"line":39,"column":64}},"19":{"start":{"line":48,"column":1},"end":{"line":55,"column":3}},"20":{"start":{"line":61,"column":1},"end":{"line":66,"column":3}},"21":{"start":{"line":62,"column":2},"end":{"line":65,"column":4}},"22":{"start":{"line":72,"column":1},"end":{"line":72,"column":56}},"23":{"start":{"line":72,"column":31},"end":{"line":72,"column":54}},"24":{"start":{"line":78,"column":1},"end":{"line":81,"column":3}},"25":{"start":{"line":87,"column":1},"end":{"line":120,"column":2}},"26":{"start":{"line":88,"column":2},"end":{"line":88,"column":16}},"27":{"start":{"line":89,"column":2},"end":{"line":89,"column":65}},"28":{"start":{"line":91,"column":2},"end":{"line":93,"column":3}},"29":{"start":{"line":92,"column":3},"end":{"line":92,"column":10}},"30":{"start":{"line":94,"column":2},"end":{"line":119,"column":3}},"31":{"start":{"line":95,"column":3},"end":{"line":101,"column":4}},"32":{"start":{"line":96,"column":4},"end":{"line":100,"column":6}},"33":{"start":{"line":102,"column":9},"end":{"line":119,"column":3}},"34":{"start":{"line":103,"column":3},"end":{"line":109,"column":4}},"35":{"start":{"line":104,"column":4},"end":{"line":108,"column":6}},"36":{"start":{"line":110,"column":9},"end":{"line":119,"column":3}},"37":{"start":{"line":111,"column":3},"end":{"line":118,"column":4}},"38":{"start":{"line":115,"column":4},"end":{"line":117,"column":6}},"39":{"start":{"line":127,"column":2},"end":{"line":127,"column":25}},"40":{"start":{"line":130,"column":18},"end":{"line":130,"column":38}},"41":{"start":{"line":131,"column":2},"end":{"line":133,"column":3}},"42":{"start":{"line":132,"column":3},"end":{"line":132,"column":46}},"43":{"start":{"line":134,"column":2},"end":{"line":134,"column":17}},"44":{"start":{"line":137,"column":2},"end":{"line":137,"column":32}},"45":{"start":{"line":140,"column":2},"end":{"line":140,"column":30}},"46":{"start":{"line":144,"column":2},"end":{"line":144,"column":37}},"47":{"start":{"line":147,"column":2},"end":{"line":147,"column":21}},"48":{"start":{"line":150,"column":0},"end":{"line":150,"column":40}},"49":{"start":{"line":151,"column":23},"end":{"line":151,"column":64}}},"fnMap":{"0":{"name":"createTempDir","decl":{"start":{"line":21,"column":15},"end":{"line":21,"column":28}},"loc":{"start":{"line":21,"column":47},"end":{"line":25,"column":1}},"line":21},"1":{"name":"createTempFile","decl":{"start":{"line":29,"column":15},"end":{"line":29,"column":29}},"loc":{"start":{"line":29,"column":54},"end":{"line":33,"column":1}},"line":29},"2":{"name":"cleanupTempDir","decl":{"start":{"line":37,"column":15},"end":{"line":37,"column":29}},"loc":{"start":{"line":37,"column":35},"end":{"line":43,"column":1}},"line":37},"3":{"name":"createMockDeployment","decl":{"start":{"line":47,"column":9},"end":{"line":47,"column":29}},"loc":{"start":{"line":47,"column":41},"end":{"line":56,"column":1}},"line":47},"4":{"name":"createMockDeployments","decl":{"start":{"line":60,"column":9},"end":{"line":60,"column":30}},"loc":{"start":{"line":60,"column":38},"end":{"line":67,"column":1}},"line":60},"5":{"name":"(anonymous_5)","decl":{"start":{"line":61,"column":38},"end":{"line":61,"column":39}},"loc":{"start":{"line":62,"column":2},"end":{"line":65,"column":4}},"line":62},"6":{"name":"wait","decl":{"start":{"line":71,"column":9},"end":{"line":71,"column":13}},"loc":{"start":{"line":71,"column":18},"end":{"line":73,"column":1}},"line":71},"7":{"name":"(anonymous_7)","decl":{"start":{"line":72,"column":20},"end":{"line":72,"column":21}},"loc":{"start":{"line":72,"column":31},"end":{"line":72,"column":54}},"line":72},"8":{"name":"createMockConfig","decl":{"start":{"line":77,"column":9},"end":{"line":77,"column":25}},"loc":{"start":{"line":77,"column":37},"end":{"line":82,"column":1}},"line":77},"9":{"name":"expectRejection","decl":{"start":{"line":86,"column":15},"end":{"line":86,"column":30}},"loc":{"start":{"line":86,"column":55},"end":{"line":121,"column":1}},"line":86},"10":{"name":"(anonymous_10)","decl":{"start":{"line":126,"column":1},"end":{"line":126,"column":2}},"loc":{"start":{"line":126,"column":15},"end":{"line":128,"column":2}},"line":126},"11":{"name":"(anonymous_11)","decl":{"start":{"line":129,"column":1},"end":{"line":129,"column":2}},"loc":{"start":{"line":129,"column":22},"end":{"line":135,"column":2}},"line":129},"12":{"name":"(anonymous_12)","decl":{"start":{"line":136,"column":1},"end":{"line":136,"column":2}},"loc":{"start":{"line":136,"column":32},"end":{"line":138,"column":2}},"line":136},"13":{"name":"(anonymous_13)","decl":{"start":{"line":139,"column":1},"end":{"line":139,"column":2}},"loc":{"start":{"line":139,"column":20},"end":{"line":141,"column":2}},"line":139},"14":{"name":"(anonymous_14)","decl":{"start":{"line":142,"column":1},"end":{"line":142,"column":2}},"loc":{"start":{"line":142,"column":19},"end":{"line":145,"column":2}},"line":142},"15":{"name":"(anonymous_15)","decl":{"start":{"line":146,"column":1},"end":{"line":146,"column":2}},"loc":{"start":{"line":146,"column":9},"end":{"line":148,"column":2}},"line":146}},"branchMap":{"0":{"loc":{"start":{"line":21,"column":29},"end":{"line":21,"column":45}},"type":"default-arg","locations":[{"start":{"line":21,"column":38},"end":{"line":21,"column":45}}],"line":21},"1":{"loc":{"start":{"line":91,"column":2},"end":{"line":93,"column":3}},"type":"if","locations":[{"start":{"line":91,"column":2},"end":{"line":93,"column":3}},{"start":{"line":91,"column":2},"end":{"line":93,"column":3}}],"line":91},"2":{"loc":{"start":{"line":94,"column":2},"end":{"line":119,"column":3}},"type":"if","locations":[{"start":{"line":94,"column":2},"end":{"line":119,"column":3}},{"start":{"line":94,"column":2},"end":{"line":119,"column":3}}],"line":94},"3":{"loc":{"start":{"line":95,"column":3},"end":{"line":101,"column":4}},"type":"if","locations":[{"start":{"line":95,"column":3},"end":{"line":101,"column":4}},{"start":{"line":95,"column":3},"end":{"line":101,"column":4}}],"line":95},"4":{"loc":{"start":{"line":102,"column":9},"end":{"line":119,"column":3}},"type":"if","locations":[{"start":{"line":102,"column":9},"end":{"line":119,"column":3}},{"start":{"line":102,"column":9},"end":{"line":119,"column":3}}],"line":102},"5":{"loc":{"start":{"line":103,"column":3},"end":{"line":109,"column":4}},"type":"if","locations":[{"start":{"line":103,"column":3},"end":{"line":109,"column":4}},{"start":{"line":103,"column":3},"end":{"line":109,"column":4}}],"line":103},"6":{"loc":{"start":{"line":110,"column":9},"end":{"line":119,"column":3}},"type":"if","locations":[{"start":{"line":110,"column":9},"end":{"line":119,"column":3}},{"start":{"line":110,"column":9},"end":{"line":119,"column":3}}],"line":110},"7":{"loc":{"start":{"line":111,"column":3},"end":{"line":118,"column":4}},"type":"if","locations":[{"start":{"line":111,"column":3},"end":{"line":118,"column":4}},{"start":{"line":111,"column":3},"end":{"line":118,"column":4}}],"line":111},"8":{"loc":{"start":{"line":112,"column":4},"end":{"line":113,"column":43}},"type":"binary-expr","locations":[{"start":{"line":112,"column":4},"end":{"line":112,"column":26}},{"start":{"line":113,"column":4},"end":{"line":113,"column":43}}],"line":112},"9":{"loc":{"start":{"line":131,"column":2},"end":{"line":133,"column":3}},"type":"if","locations":[{"start":{"line":131,"column":2},"end":{"line":133,"column":3}},{"start":{"line":131,"column":2},"end":{"line":133,"column":3}}],"line":131}},"s":{"0":0,"1":0,"2":0,"3":0,"4":0,"5":0,"6":0,"7":0,"8":0,"9":0,"10":0,"11":0,"12":0,"13":0,"14":0,"15":0,"16":0,"17":0,"18":0,"19":0,"20":0,"21":0,"22":0,"23":0,"24":0,"25":0,"26":0,"27":0,"28":0,"29":0,"30":0,"31":0,"32":0,"33":0,"34":0,"35":0,"36":0,"37":0,"38":0,"39":0,"40":0,"41":0,"42":0,"43":0,"44":0,"45":0,"46":0,"47":0,"48":0,"49":0},"f":{"0":0,"1":0,"2":0,"3":0,"4":0,"5":0,"6":0,"7":0,"8":0,"9":0,"10":0,"11":0,"12":0,"13":0,"14":0,"15":0},"b":{"0":[0],"1":[0,0],"2":[0,0],"3":[0,0],"4":[0,0],"5":[0,0],"6":[0,0],"7":[0,0],"8":[0,0],"9":[0,0]},"inputSourceMap":{"version":3,"file":"testHelpers.js","sourceRoot":"","sources":["testHelpers.ts"],"names":[],"mappings":";;;AAaA,sCAEC;AAKD,wCAQC;AAKD,wCAMC;AAKD,oDAWC;AAKD,sDAOC;AAKD,oBAEC;AAKD,4CAKC;AAKD,0CAgCC;AAzHD,2BAAoC;AACpC,+BAA4B;AAC5B,2BAA4B;AAI5B;;GAEG;AAEH;;GAEG;AACI,KAAK,UAAU,aAAa,CAAC,MAAM,GAAG,OAAO;IACnD,OAAO,MAAM,aAAE,CAAC,OAAO,CAAC,IAAA,WAAI,EAAC,IAAA,WAAM,GAAE,EAAE,MAAM,CAAC,CAAC,CAAC;AACjD,CAAC;AAED;;GAEG;AACI,KAAK,UAAU,cAAc,CACnC,GAAW,EACX,QAAgB,EAChB,OAAe;IAEf,MAAM,QAAQ,GAAG,IAAA,WAAI,EAAC,GAAG,EAAE,QAAQ,CAAC,CAAC;IACrC,MAAM,aAAE,CAAC,SAAS,CAAC,QAAQ,EAAE,OAAO,EAAE,OAAO,CAAC,CAAC;IAC/C,OAAO,QAAQ,CAAC;AACjB,CAAC;AAED;;GAEG;AACI,KAAK,UAAU,cAAc,CAAC,GAAW;IAC/C,IAAI,CAAC;QACJ,MAAM,aAAE,CAAC,EAAE,CAAC,GAAG,EAAE,EAAE,SAAS,EAAE,IAAI,EAAE,KAAK,EAAE,IAAI,EAAE,CAAC,CAAC;IACpD,CAAC;IAAC,MAAM,CAAC;QACR,wBAAwB;IACzB,CAAC;AACF,CAAC;AAED;;GAEG;AACH,SAAgB,oBAAoB,CACnC,SAA+B;IAE/B,OAAO;QACN,MAAM,EAAE,iBAAiB;QACzB,MAAM,EAAE,aAAa;QACrB,OAAO,EAAE,IAAI;QACb,MAAM,EAAE,OAAO;QACf,QAAQ,EAAE,EAAE;QACZ,GAAG,SAAS;KACZ,CAAC;AACH,CAAC;AAED;;GAEG;AACH,SAAgB,qBAAqB,CAAC,KAAa;IAClD,OAAO,KAAK,CAAC,IAAI,CAAC,EAAE,MAAM,EAAE,KAAK,EAAE,EAAE,CAAC,CAAC,EAAE,CAAC,EAAE,EAAE,CAC7C,oBAAoB,CAAC;QACpB,MAAM,EAAE,mBAAmB,CAAC,EAAE;QAC9B,MAAM,EAAE,UAAU,CAAC,EAAE;KACrB,CAAC,CACF,CAAC;AACH,CAAC;AAED;;GAEG;AACH,SAAgB,IAAI,CAAC,EAAU;IAC9B,OAAO,IAAI,OAAO,CAAC,OAAO,CAAC,EAAE,CAAC,UAAU,CAAC,OAAO,EAAE,EAAE,CAAC,CAAC,CAAC;AACxD,CAAC;AAED;;GAEG;AACH,SAAgB,gBAAgB,CAAC,SAA2B;IAC3D,OAAO;QACN,GAAG,4BAAa;QAChB,GAAG,SAAS;KACZ,CAAC;AACH,CAAC;AAED;;GAEG;AACI,KAAK,UAAU,eAAe,CACpC,OAAyB,EACzB,aAAuC;IAEvC,IAAI,CAAC;QACJ,MAAM,OAAO,CAAC;QACd,MAAM,IAAI,KAAK,CAAC,6CAA6C,CAAC,CAAC;IAChE,CAAC;IAAC,OAAO,KAAK,EAAE,CAAC;QAChB,IAAI,aAAa,KAAK,SAAS,EAAE,CAAC;YACjC,OAAO,CAAC,oBAAoB;QAC7B,CAAC;QAED,IAAI,OAAO,aAAa,KAAK,QAAQ,EAAE,CAAC;YACvC,IAAI,CAAC,MAAM,CAAC,KAAK,CAAC,CAAC,QAAQ,CAAC,aAAa,CAAC,EAAE,CAAC;gBAC5C,MAAM,IAAI,KAAK,CACd,8BAA8B,aAAa,WAAW,MAAM,CAAC,KAAK,CAAC,EAAE,CACrE,CAAC;YACH,CAAC;QACF,CAAC;aAAM,IAAI,aAAa,YAAY,MAAM,EAAE,CAAC;YAC5C,IAAI,CAAC,aAAa,CAAC,IAAI,CAAC,MAAM,CAAC,KAAK,CAAC,CAAC,EAAE,CAAC;gBACxC,MAAM,IAAI,KAAK,CACd,2BAA2B,aAAa,UAAU,MAAM,CAAC,KAAK,CAAC,EAAE,CACjE,CAAC;YACH,CAAC;QACF,CAAC;aAAM,IAAI,aAAa,YAAY,KAAK,EAAE,CAAC;YAC3C,IAAI,KAAK,YAAY,KAAK,IAAI,KAAK,CAAC,OAAO,KAAK,aAAa,CAAC,OAAO,EAAE,CAAC;gBACvE,MAAM,IAAI,KAAK,CACd,2BAA2B,aAAa,CAAC,OAAO,WAAW,KAAK,CAAC,OAAO,EAAE,CAC1E,CAAC;YACH,CAAC;QACF,CAAC;IACF,CAAC;AACF,CAAC;AAED;;GAEG;AACH,MAAa,cAAc;IAA3B;QACS,UAAK,GAAwB,IAAI,GAAG,EAAE,CAAC;IA0BhD,CAAC;IAxBA,KAAK,CAAC,QAAQ,CAAC,IAAY;QAC1B,MAAM,OAAO,GAAG,IAAI,CAAC,KAAK,CAAC,GAAG,CAAC,IAAI,CAAC,CAAC;QACrC,IAAI,OAAO,KAAK,SAAS,EAAE,CAAC;YAC3B,MAAM,IAAI,KAAK,CAAC,mBAAmB,IAAI,EAAE,CAAC,CAAC;QAC5C,CAAC;QACD,OAAO,OAAO,CAAC;IAChB,CAAC;IAED,KAAK,CAAC,SAAS,CAAC,IAAY,EAAE,OAAe;QAC5C,IAAI,CAAC,KAAK,CAAC,GAAG,CAAC,IAAI,EAAE,OAAO,CAAC,CAAC;IAC/B,CAAC;IAED,KAAK,CAAC,MAAM,CAAC,IAAY;QACxB,OAAO,IAAI,CAAC,KAAK,CAAC,GAAG,CAAC,IAAI,CAAC,CAAC;IAC7B,CAAC;IAED,KAAK,CAAC,KAAK,CAAC,IAAY;QACvB,sCAAsC;QACtC,IAAI,CAAC,KAAK,CAAC,GAAG,CAAC,IAAI,GAAG,OAAO,EAAE,EAAE,CAAC,CAAC;IACpC,CAAC;IAED,KAAK;QACJ,IAAI,CAAC,KAAK,CAAC,KAAK,EAAE,CAAC;IACpB,CAAC;CACD;AA3BD,wCA2BC;AAGD,iEAA+D"},"all":true},"/Users/praveen/github/@pkspyder007/metacall/deploy/tests/utils/testHelpers.ts":{"path":"/Users/praveen/github/@pkspyder007/metacall/deploy/tests/utils/testHelpers.ts","statementMap":{"0":{"start":{"line":14,"column":1},"end":{"line":14,"column":49}},"1":{"start":{"line":25,"column":18},"end":{"line":25,"column":37}},"2":{"start":{"line":26,"column":1},"end":{"line":26,"column":48}},"3":{"start":{"line":27,"column":1},"end":{"line":27,"column":17}},"4":{"start":{"line":34,"column":1},"end":{"line":38,"column":2}},"5":{"start":{"line":35,"column":2},"end":{"line":35,"column":53}},"6":{"start":{"line":47,"column":1},"end":{"line":54,"column":17}},"7":{"start":{"line":61,"column":1},"end":{"line":66,"column":3}},"8":{"start":{"line":62,"column":2},"end":{"line":65,"column":4}},"9":{"start":{"line":73,"column":1},"end":{"line":73,"column":56}},"10":{"start":{"line":73,"column":31},"end":{"line":73,"column":54}},"11":{"start":{"line":80,"column":1},"end":{"line":83,"column":3}},"12":{"start":{"line":93,"column":1},"end":{"line":127,"column":2}},"13":{"start":{"line":94,"column":2},"end":{"line":94,"column":16}},"14":{"start":{"line":95,"column":2},"end":{"line":95,"column":65}},"15":{"start":{"line":97,"column":2},"end":{"line":99,"column":3}},"16":{"start":{"line":98,"column":3},"end":{"line":98,"column":10}},"17":{"start":{"line":101,"column":2},"end":{"line":126,"column":3}},"18":{"start":{"line":102,"column":3},"end":{"line":108,"column":4}},"19":{"start":{"line":103,"column":4},"end":{"line":107,"column":6}},"20":{"start":{"line":109,"column":9},"end":{"line":126,"column":3}},"21":{"start":{"line":110,"column":3},"end":{"line":116,"column":4}},"22":{"start":{"line":111,"column":4},"end":{"line":115,"column":6}},"23":{"start":{"line":117,"column":9},"end":{"line":126,"column":3}},"24":{"start":{"line":118,"column":3},"end":{"line":125,"column":4}},"25":{"start":{"line":122,"column":4},"end":{"line":124,"column":6}},"26":{"start":{"line":134,"column":38},"end":{"line":134,"column":47}},"27":{"start":{"line":137,"column":18},"end":{"line":137,"column":38}},"28":{"start":{"line":138,"column":2},"end":{"line":140,"column":3}},"29":{"start":{"line":139,"column":3},"end":{"line":139,"column":46}},"30":{"start":{"line":141,"column":2},"end":{"line":141,"column":17}},"31":{"start":{"line":145,"column":2},"end":{"line":145,"column":32}},"32":{"start":{"line":149,"column":2},"end":{"line":149,"column":30}},"33":{"start":{"line":154,"column":2},"end":{"line":154,"column":37}},"34":{"start":{"line":158,"column":2},"end":{"line":158,"column":21}}},"fnMap":{"0":{"name":"createTempDir","decl":{"start":{"line":13,"column":22},"end":{"line":13,"column":35}},"loc":{"start":{"line":13,"column":71},"end":{"line":15,"column":1}},"line":13},"1":{"name":"createTempFile","decl":{"start":{"line":20,"column":22},"end":{"line":20,"column":36}},"loc":{"start":{"line":24,"column":19},"end":{"line":28,"column":1}},"line":24},"2":{"name":"cleanupTempDir","decl":{"start":{"line":33,"column":22},"end":{"line":33,"column":36}},"loc":{"start":{"line":33,"column":65},"end":{"line":39,"column":1}},"line":33},"3":{"name":"createMockDeployment","decl":{"start":{"line":44,"column":16},"end":{"line":44,"column":36}},"loc":{"start":{"line":46,"column":14},"end":{"line":55,"column":1}},"line":46},"4":{"name":"createMockDeployments","decl":{"start":{"line":60,"column":16},"end":{"line":60,"column":37}},"loc":{"start":{"line":60,"column":67},"end":{"line":67,"column":1}},"line":60},"5":{"name":"(anonymous_5)","decl":{"start":{"line":61,"column":38},"end":{"line":61,"column":39}},"loc":{"start":{"line":62,"column":2},"end":{"line":65,"column":4}},"line":62},"6":{"name":"wait","decl":{"start":{"line":72,"column":16},"end":{"line":72,"column":20}},"loc":{"start":{"line":72,"column":48},"end":{"line":74,"column":1}},"line":72},"7":{"name":"(anonymous_7)","decl":{"start":{"line":73,"column":20},"end":{"line":73,"column":21}},"loc":{"start":{"line":73,"column":31},"end":{"line":73,"column":54}},"line":73},"8":{"name":"createMockConfig","decl":{"start":{"line":79,"column":16},"end":{"line":79,"column":32}},"loc":{"start":{"line":79,"column":70},"end":{"line":84,"column":1}},"line":79},"9":{"name":"expectRejection","decl":{"start":{"line":89,"column":22},"end":{"line":89,"column":37}},"loc":{"start":{"line":92,"column":17},"end":{"line":128,"column":1}},"line":92},"10":{"name":"(anonymous_10)","decl":{"start":{"line":136,"column":1},"end":{"line":136,"column":2}},"loc":{"start":{"line":136,"column":47},"end":{"line":142,"column":2}},"line":136},"11":{"name":"(anonymous_11)","decl":{"start":{"line":144,"column":1},"end":{"line":144,"column":2}},"loc":{"start":{"line":144,"column":63},"end":{"line":146,"column":2}},"line":144},"12":{"name":"(anonymous_12)","decl":{"start":{"line":148,"column":1},"end":{"line":148,"column":2}},"loc":{"start":{"line":148,"column":46},"end":{"line":150,"column":2}},"line":148},"13":{"name":"(anonymous_13)","decl":{"start":{"line":152,"column":1},"end":{"line":152,"column":2}},"loc":{"start":{"line":152,"column":42},"end":{"line":155,"column":2}},"line":152},"14":{"name":"(anonymous_14)","decl":{"start":{"line":157,"column":1},"end":{"line":157,"column":2}},"loc":{"start":{"line":157,"column":15},"end":{"line":159,"column":2}},"line":157}},"branchMap":{"0":{"loc":{"start":{"line":13,"column":36},"end":{"line":13,"column":52}},"type":"default-arg","locations":[{"start":{"line":13,"column":45},"end":{"line":13,"column":52}}],"line":13},"1":{"loc":{"start":{"line":97,"column":2},"end":{"line":99,"column":3}},"type":"if","locations":[{"start":{"line":97,"column":2},"end":{"line":99,"column":3}},{"start":{"line":97,"column":2},"end":{"line":99,"column":3}}],"line":97},"2":{"loc":{"start":{"line":101,"column":2},"end":{"line":126,"column":3}},"type":"if","locations":[{"start":{"line":101,"column":2},"end":{"line":126,"column":3}},{"start":{"line":101,"column":2},"end":{"line":126,"column":3}}],"line":101},"3":{"loc":{"start":{"line":102,"column":3},"end":{"line":108,"column":4}},"type":"if","locations":[{"start":{"line":102,"column":3},"end":{"line":108,"column":4}},{"start":{"line":102,"column":3},"end":{"line":108,"column":4}}],"line":102},"4":{"loc":{"start":{"line":109,"column":9},"end":{"line":126,"column":3}},"type":"if","locations":[{"start":{"line":109,"column":9},"end":{"line":126,"column":3}},{"start":{"line":109,"column":9},"end":{"line":126,"column":3}}],"line":109},"5":{"loc":{"start":{"line":110,"column":3},"end":{"line":116,"column":4}},"type":"if","locations":[{"start":{"line":110,"column":3},"end":{"line":116,"column":4}},{"start":{"line":110,"column":3},"end":{"line":116,"column":4}}],"line":110},"6":{"loc":{"start":{"line":117,"column":9},"end":{"line":126,"column":3}},"type":"if","locations":[{"start":{"line":117,"column":9},"end":{"line":126,"column":3}},{"start":{"line":117,"column":9},"end":{"line":126,"column":3}}],"line":117},"7":{"loc":{"start":{"line":118,"column":3},"end":{"line":125,"column":4}},"type":"if","locations":[{"start":{"line":118,"column":3},"end":{"line":125,"column":4}},{"start":{"line":118,"column":3},"end":{"line":125,"column":4}}],"line":118},"8":{"loc":{"start":{"line":119,"column":4},"end":{"line":120,"column":43}},"type":"binary-expr","locations":[{"start":{"line":119,"column":4},"end":{"line":119,"column":26}},{"start":{"line":120,"column":4},"end":{"line":120,"column":43}}],"line":119},"9":{"loc":{"start":{"line":138,"column":2},"end":{"line":140,"column":3}},"type":"if","locations":[{"start":{"line":138,"column":2},"end":{"line":140,"column":3}},{"start":{"line":138,"column":2},"end":{"line":140,"column":3}}],"line":138}},"s":{"0":0,"1":0,"2":0,"3":0,"4":0,"5":0,"6":0,"7":0,"8":0,"9":0,"10":0,"11":0,"12":0,"13":0,"14":0,"15":0,"16":0,"17":0,"18":0,"19":0,"20":0,"21":0,"22":0,"23":0,"24":0,"25":0,"26":0,"27":0,"28":0,"29":0,"30":0,"31":0,"32":0,"33":0,"34":0},"f":{"0":0,"1":0,"2":0,"3":0,"4":0,"5":0,"6":0,"7":0,"8":0,"9":0,"10":0,"11":0,"12":0,"13":0,"14":0},"b":{"0":[0],"1":[0,0],"2":[0,0],"3":[0,0],"4":[0,0],"5":[0,0],"6":[0,0],"7":[0,0],"8":[0,0],"9":[0,0]},"all":true}}